[0.009s] Invoking command in '/ros2-migration/arena/arena-rosnav/utils/misc/mapping/build/mapping': CMAKE_PREFIX_PATH=/opt/ros/humble /usr/bin/cmake --build /ros2-migration/arena/arena-rosnav/utils/misc/mapping/build/mapping -- -j8 -l8
[0.042s] [35m[1mConsolidate compiler generated dependencies of target mapping[0m
[0.063s] [ 33%] [32mBuilding CXX object CMakeFiles/mapping.dir/src/mapping.cpp.o[0m
[5.229s] In file included from [01m[K/ros2-migration/arena/arena-rosnav/utils/misc/mapping/src/mapping.cpp:1[m[K:
[5.229s] [01m[K/ros2-migration/arena/arena-rosnav/utils/misc/mapping/include/mapping/mapping.h:237:9:[m[K [01;31m[Kerror: [m[Kâ€˜[01m[Kros[m[Kâ€™ does not name a type
[5.229s]   237 |         [01;31m[Kros[m[K::Subscriber indep_scan_sub_, indep_odom_sub_;
[5.229s]       |         [01;31m[K^~~[m[K
[5.230s] [01m[K/ros2-migration/arena/arena-rosnav/utils/misc/mapping/include/mapping/mapping.h:240:9:[m[K [01;31m[Kerror: [m[Kâ€˜[01m[Kros[m[Kâ€™ does not name a type
[5.230s]   240 |         [01;31m[Kros[m[K::ServiceClient static_map_client_;
[5.231s]       |         [01;31m[K^~~[m[K
[5.232s] [01m[K/ros2-migration/arena/arena-rosnav/utils/misc/mapping/include/mapping/mapping.h:244:9:[m[K [01;31m[Kerror: [m[Kâ€˜[01m[Kros[m[Kâ€™ does not name a type
[5.232s]   244 |         [01;31m[Kros[m[K::Publisher map_pub_,static_map_pub_,dynamic_map_pub_;
[5.232s]       |         [01;31m[K^~~[m[K
[5.234s] [01m[K/ros2-migration/arena/arena-rosnav/utils/misc/mapping/include/mapping/mapping.h:245:9:[m[K [01;31m[Kerror: [m[Kâ€˜[01m[Kros[m[Kâ€™ does not name a type
[5.234s]   245 |         [01;31m[Kros[m[K::Publisher esdf_pub_,esdf_static_pub_;
[5.234s]       |         [01;31m[K^~~[m[K
[5.236s] [01m[K/ros2-migration/arena/arena-rosnav/utils/misc/mapping/include/mapping/mapping.h:246:9:[m[K [01;31m[Kerror: [m[Kâ€˜[01m[Kros[m[Kâ€™ does not name a type
[5.236s]   246 |         [01;31m[Kros[m[K::Publisher depth_pub_; //laser pointcloud2
[5.236s]       |         [01;31m[K^~~[m[K
[5.238s] [01m[K/ros2-migration/arena/arena-rosnav/utils/misc/mapping/include/mapping/mapping.h:247:9:[m[K [01;31m[Kerror: [m[Kâ€˜[01m[Kros[m[Kâ€™ does not name a type
[5.238s]   247 |         [01;31m[Kros[m[K::Publisher update_range_pub_;
[5.238s]       |         [01;31m[K^~~[m[K
[5.239s] [01m[K/ros2-migration/arena/arena-rosnav/utils/misc/mapping/include/mapping/mapping.h:248:9:[m[K [01;31m[Kerror: [m[Kâ€˜[01m[Kros[m[Kâ€™ does not name a type
[5.239s]   248 |         [01;31m[Kros[m[K::Publisher unknown_pub_;
[5.240s]       |         [01;31m[K^~~[m[K
[5.240s] [01m[K/ros2-migration/arena/arena-rosnav/utils/misc/mapping/include/mapping/mapping.h:252:17:[m[K [01;31m[Kerror: [m[Kâ€˜[01m[KTimer[m[Kâ€™ in namespace â€˜[01m[Krclcpp[m[Kâ€™ does not name a type; did you mean â€˜[01m[KTime[m[Kâ€™?
[5.240s]   252 |         rclcpp::[01;31m[KTimer[m[K occ_timer_;
[5.240s]       |                 [01;31m[K^~~~~[m[K
[5.240s]       |                 [32m[KTime[m[K
[5.240s] [01m[K/ros2-migration/arena/arena-rosnav/utils/misc/mapping/include/mapping/mapping.h:253:17:[m[K [01;31m[Kerror: [m[Kâ€˜[01m[KTimer[m[Kâ€™ in namespace â€˜[01m[Krclcpp[m[Kâ€™ does not name a type; did you mean â€˜[01m[KTime[m[Kâ€™?
[5.240s]   253 |         rclcpp::[01;31m[KTimer[m[K esdf_timer_;
[5.240s]       |                 [01;31m[K^~~~~[m[K
[5.240s]       |                 [32m[KTime[m[K
[5.240s] [01m[K/ros2-migration/arena/arena-rosnav/utils/misc/mapping/include/mapping/mapping.h:254:17:[m[K [01;31m[Kerror: [m[Kâ€˜[01m[KTimer[m[Kâ€™ in namespace â€˜[01m[Krclcpp[m[Kâ€™ does not name a type; did you mean â€˜[01m[KTime[m[Kâ€™?
[5.240s]   254 |         rclcpp::[01;31m[KTimer[m[K vis_timer_;
[5.240s]       |                 [01;31m[K^~~~~[m[K
[5.241s]       |                 [32m[KTime[m[K
[5.241s] [01m[K/ros2-migration/arena/arena-rosnav/utils/misc/mapping/include/mapping/mapping.h:263:52:[m[K [01;31m[Kerror: [m[Kâ€˜[01m[KTimerEvent[m[Kâ€™ in namespace â€˜[01m[Krclcpp[m[Kâ€™ does not name a type
[5.241s]   263 |         void updateOccupancyCallback(const rclcpp::[01;31m[KTimerEvent[m[K& /*event*/);
[5.241s]       |                                                    [01;31m[K^~~~~~~~~~[m[K
[5.241s] [01m[K/ros2-migration/arena/arena-rosnav/utils/misc/mapping/include/mapping/mapping.h:264:47:[m[K [01;31m[Kerror: [m[Kâ€˜[01m[KTimerEvent[m[Kâ€™ in namespace â€˜[01m[Krclcpp[m[Kâ€™ does not name a type
[5.241s]   264 |         void updateESDFCallback(const rclcpp::[01;31m[KTimerEvent[m[K& /*event*/);
[5.241s]       |                                               [01;31m[K^~~~~~~~~~[m[K
[5.241s] [01m[K/ros2-migration/arena/arena-rosnav/utils/misc/mapping/include/mapping/mapping.h:265:40:[m[K [01;31m[Kerror: [m[Kâ€˜[01m[KTimerEvent[m[Kâ€™ in namespace â€˜[01m[Krclcpp[m[Kâ€™ does not name a type
[5.241s]   265 |         void visCallback(const rclcpp::[01;31m[KTimerEvent[m[K& /*event*/);
[5.241s]       |                                        [01;31m[K^~~~~~~~~~[m[K
[5.241s] In file included from [01m[K/ros2-migration/arena/arena-rosnav/utils/misc/mapping/src/mapping.cpp:1[m[K:
[5.241s] [01m[K/ros2-migration/arena/arena-rosnav/utils/misc/mapping/include/mapping/mapping.h:[m[K In constructor â€˜[01m[KGridMap::GridMap()[m[Kâ€™:
[5.241s] [01m[K/ros2-migration/arena/arena-rosnav/utils/misc/mapping/include/mapping/mapping.h:141:19:[m[K [01;31m[Kerror: [m[Kno matching function for call to â€˜[01m[Krclcpp::Node::Node()[m[Kâ€™
[5.242s]   141 |         GridMap() [01;31m[K{[m[K}
[5.242s]       |                   [01;31m[K^[m[K
[5.242s] In file included from [01m[K/opt/ros/humble/include/rclcpp/rclcpp/executors/single_threaded_executor.hpp:28[m[K,
[5.242s]                  from [01m[K/opt/ros/humble/include/rclcpp/rclcpp/executors.hpp:22[m[K,
[5.242s]                  from [01m[K/opt/ros/humble/include/rclcpp/rclcpp/rclcpp.hpp:155[m[K,
[5.242s]                  from [01m[K/ros2-migration/arena/arena-rosnav/utils/misc/mapping/include/mapping/mapping.h:7[m[K,
[5.242s]                  from [01m[K/ros2-migration/arena/arena-rosnav/utils/misc/mapping/src/mapping.cpp:1[m[K:
[5.242s] [01m[K/opt/ros/humble/include/rclcpp/rclcpp/node.hpp:1294:3:[m[K [01;36m[Knote: [m[Kcandidate: â€˜[01m[Krclcpp::Node::Node(const rclcpp::Node&, const string&)[m[Kâ€™
[5.242s]  1294 |   [01;36m[KNode[m[K(
[5.242s]       |   [01;36m[K^~~~[m[K
[5.242s] [01m[K/opt/ros/humble/include/rclcpp/rclcpp/node.hpp:1294:3:[m[K [01;36m[Knote: [m[K  candidate expects 2 arguments, 0 provided
[5.242s] [01m[K/opt/ros/humble/include/rclcpp/rclcpp/node.hpp:101:12:[m[K [01;36m[Knote: [m[Kcandidate: â€˜[01m[Krclcpp::Node::Node(const string&, const string&, const rclcpp::NodeOptions&)[m[Kâ€™
[5.242s]   101 |   explicit [01;36m[KNode[m[K(
[5.242s]       |            [01;36m[K^~~~[m[K
[5.242s] [01m[K/opt/ros/humble/include/rclcpp/rclcpp/node.hpp:101:12:[m[K [01;36m[Knote: [m[K  candidate expects 3 arguments, 0 provided
[5.243s] [01m[K/opt/ros/humble/include/rclcpp/rclcpp/node.hpp:89:12:[m[K [01;36m[Knote: [m[Kcandidate: â€˜[01m[Krclcpp::Node::Node(const string&, const rclcpp::NodeOptions&)[m[Kâ€™
[5.243s]    89 |   explicit [01;36m[KNode[m[K(
[5.243s]       |            [01;36m[K^~~~[m[K
[5.243s] [01m[K/opt/ros/humble/include/rclcpp/rclcpp/node.hpp:89:12:[m[K [01;36m[Knote: [m[K  candidate expects 2 arguments, 0 provided
[5.245s] In file included from [01m[K/ros2-migration/arena/arena-rosnav/utils/misc/mapping/src/mapping.cpp:1[m[K:
[5.245s] [01m[K/ros2-migration/arena/arena-rosnav/utils/misc/mapping/include/mapping/mapping.h:141:19:[m[K [01;31m[Kerror: [m[Kno matching function for call to â€˜[01m[Ktf2_ros::TransformListener::TransformListener()[m[Kâ€™
[5.245s]   141 |         GridMap() [01;31m[K{[m[K}
[5.245s]       |                   [01;31m[K^[m[K
[5.245s] In file included from [01m[K/ros2-migration/arena/arena-rosnav/utils/misc/mapping/include/mapping/mapping.h:20[m[K,
[5.245s]                  from [01m[K/ros2-migration/arena/arena-rosnav/utils/misc/mapping/src/mapping.cpp:1[m[K:
[5.246s] [01m[K/opt/ros/humble/include/tf2_ros/tf2_ros/transform_listener.h:90:3:[m[K [01;36m[Knote: [m[Kcandidate: â€˜[01m[Ktemplate<class NodeT, class AllocatorT> tf2_ros::TransformListener::TransformListener(tf2::BufferCore&, NodeT&&, bool, const rclcpp::QoS&, const rclcpp::QoS&, const rclcpp::SubscriptionOptionsWithAllocator<AllocatorT>&, const rclcpp::SubscriptionOptionsWithAllocator<AllocatorT>&)[m[Kâ€™
[5.246s]    90 |   [01;36m[KTransformListener[m[K(
[5.246s]       |   [01;36m[K^~~~~~~~~~~~~~~~~[m[K
[5.246s] [01m[K/opt/ros/humble/include/tf2_ros/tf2_ros/transform_listener.h:90:3:[m[K [01;36m[Knote: [m[K  template argument deduction/substitution failed:
[5.246s] In file included from [01m[K/ros2-migration/arena/arena-rosnav/utils/misc/mapping/src/mapping.cpp:1[m[K:
[5.246s] [01m[K/ros2-migration/arena/arena-rosnav/utils/misc/mapping/include/mapping/mapping.h:141:19:[m[K [01;36m[Knote: [m[K  candidate expects 7 arguments, 0 provided
[5.246s]   141 |         GridMap() [01;36m[K{[m[K}
[5.246s]       |                   [01;36m[K^[m[K
[5.246s] In file included from [01m[K/ros2-migration/arena/arena-rosnav/utils/misc/mapping/include/mapping/mapping.h:20[m[K,
[5.246s]                  from [01m[K/ros2-migration/arena/arena-rosnav/utils/misc/mapping/src/mapping.cpp:1[m[K:
[5.246s] [01m[K/opt/ros/humble/include/tf2_ros/tf2_ros/transform_listener.h:87:12:[m[K [01;36m[Knote: [m[Kcandidate: â€˜[01m[Ktf2_ros::TransformListener::TransformListener(tf2::BufferCore&, bool)[m[Kâ€™
[5.246s]    87 |   explicit [01;36m[KTransformListener[m[K(tf2::BufferCore & buffer, bool spin_thread = true);
[5.246s]       |            [01;36m[K^~~~~~~~~~~~~~~~~[m[K
[5.246s] [01m[K/opt/ros/humble/include/tf2_ros/tf2_ros/transform_listener.h:87:12:[m[K [01;36m[Knote: [m[K  candidate expects 2 arguments, 0 provided
[5.257s] [01m[K/ros2-migration/arena/arena-rosnav/utils/misc/mapping/src/mapping.cpp:[m[K In member function â€˜[01m[Kvoid GridMap::initMap(rclcpp::Node&)[m[Kâ€™:
[5.257s] [01m[K/ros2-migration/arena/arena-rosnav/utils/misc/mapping/src/mapping.cpp:5:13:[m[K [01;31m[Kerror: [m[Kuse of deleted function â€˜[01m[Krclcpp::Node& rclcpp::Node::operator=(const rclcpp::Node&)[m[Kâ€™
[5.257s]     5 |     node_ = [01;31m[Knh[m[K;
[5.257s]       |             [01;31m[K^~[m[K
[5.257s] In file included from [01m[K/opt/ros/humble/include/rclcpp/rclcpp/context.hpp:35[m[K,
[5.257s]                  from [01m[K/opt/ros/humble/include/rclcpp/rclcpp/executor.hpp:34[m[K,
[5.258s]                  from [01m[K/opt/ros/humble/include/rclcpp/rclcpp/executors/multi_threaded_executor.hpp:25[m[K,
[5.258s]                  from [01m[K/opt/ros/humble/include/rclcpp/rclcpp/executors.hpp:21[m[K,
[5.258s]                  from [01m[K/opt/ros/humble/include/rclcpp/rclcpp/rclcpp.hpp:155[m[K,
[5.258s]                  from [01m[K/ros2-migration/arena/arena-rosnav/utils/misc/mapping/include/mapping/mapping.h:7[m[K,
[5.258s]                  from [01m[K/ros2-migration/arena/arena-rosnav/utils/misc/mapping/src/mapping.cpp:1[m[K:
[5.258s] [01m[K/opt/ros/humble/include/rclcpp/rclcpp/node.hpp:1299:3:[m[K [01;36m[Knote: [m[Kdeclared here
[5.258s]  1299 |   [01;36m[KRCLCPP_DISABLE_COPY[m[K(Node)
[5.258s]       |   [01;36m[K^~~~~~~~~~~~~~~~~~~[m[K
[5.258s] [01m[K/ros2-migration/arena/arena-rosnav/utils/misc/mapping/src/mapping.cpp:9:5:[m[K [01;31m[Kerror: [m[Kâ€˜[01m[Kros[m[Kâ€™ has not been declared
[5.258s]     9 |     [01;31m[Kros[m[K::service::waitForService(static_map_service_name); // important
[5.258s]       |     [01;31m[K^~~[m[K
[5.278s] [01m[K/ros2-migration/arena/arena-rosnav/utils/misc/mapping/src/mapping.cpp:10:5:[m[K [01;31m[Kerror: [m[Kâ€˜[01m[Kstatic_map_client_[m[Kâ€™ was not declared in this scope
[5.279s]    10 |     [01;31m[Kstatic_map_client_[m[K= nh.serviceClient<nav_msgs::srv::GetMap>(static_map_service_name);
[5.279s]       |     [01;31m[K^~~~~~~~~~~~~~~~~~[m[K
[5.279s] [01m[K/ros2-migration/arena/arena-rosnav/utils/misc/mapping/src/mapping.cpp:10:28:[m[K [01;31m[Kerror: [m[Kâ€˜[01m[Kclass rclcpp::Node[m[Kâ€™ has no member named â€˜[01m[KserviceClient[m[Kâ€™
[5.279s]    10 |     static_map_client_= nh.[01;31m[KserviceClient[m[K<nav_msgs::srv::GetMap>(static_map_service_name);
[5.279s]       |                            [01;31m[K^~~~~~~~~~~~~[m[K
[5.279s] [01m[K/ros2-migration/arena/arena-rosnav/utils/misc/mapping/src/mapping.cpp:10:63:[m[K [01;31m[Kerror: [m[Kexpected primary-expression before â€˜[01m[K>[m[Kâ€™ token
[5.279s]    10 |     static_map_client_= nh.serviceClient<nav_msgs::srv::GetMap[01;31m[K>[m[K(static_map_service_name);
[5.279s]       |                                                               [01;31m[K^[m[K
[5.279s] [01m[K/ros2-migration/arena/arena-rosnav/utils/misc/mapping/src/mapping.cpp:15:11:[m[K [01;31m[Kerror: [m[Kâ€˜[01m[Kclass rclcpp::Node[m[Kâ€™ has no member named â€˜[01m[Kparam[m[Kâ€™
[5.279s]    15 |     node_.[01;31m[Kparam[m[K("sdf_map/use_occ_esdf", mp_.use_occ_esdf_, true);
[5.280s]       |           [01;31m[K^~~~~[m[K
[5.280s] [01m[K/ros2-migration/arena/arena-rosnav/utils/misc/mapping/src/mapping.cpp:18:11:[m[K [01;31m[Kerror: [m[Kâ€˜[01m[Kclass rclcpp::Node[m[Kâ€™ has no member named â€˜[01m[Kparam[m[Kâ€™
[5.280s]    18 |     node_.[01;31m[Kparam[m[K("sdf_map/local_update_range_x", mp_.local_update_range_(0), 5.5);
[5.280s]       |           [01;31m[K^~~~~[m[K
[5.280s] [01m[K/ros2-migration/arena/arena-rosnav/utils/misc/mapping/src/mapping.cpp:19:11:[m[K [01;31m[Kerror: [m[Kâ€˜[01m[Kclass rclcpp::Node[m[Kâ€™ has no member named â€˜[01m[Kparam[m[Kâ€™
[5.280s]    19 |     node_.[01;31m[Kparam[m[K("sdf_map/local_update_range_y", mp_.local_update_range_(1), 5.5);
[5.280s]       |           [01;31m[K^~~~~[m[K
[5.280s] [01m[K/ros2-migration/arena/arena-rosnav/utils/misc/mapping/src/mapping.cpp:22:11:[m[K [01;31m[Kerror: [m[Kâ€˜[01m[Kclass rclcpp::Node[m[Kâ€™ has no member named â€˜[01m[Kparam[m[Kâ€™
[5.280s]    22 |     node_.[01;31m[Kparam[m[K("sdf_map/p_hit", mp_.p_hit_, 0.55);
[5.280s]       |           [01;31m[K^~~~~[m[K
[5.280s] [01m[K/ros2-migration/arena/arena-rosnav/utils/misc/mapping/src/mapping.cpp:23:11:[m[K [01;31m[Kerror: [m[Kâ€˜[01m[Kclass rclcpp::Node[m[Kâ€™ has no member named â€˜[01m[Kparam[m[Kâ€™
[5.280s]    23 |     node_.[01;31m[Kparam[m[K("sdf_map/p_miss", mp_.p_miss_, 0.2);
[5.280s]       |           [01;31m[K^~~~~[m[K
[5.281s] [01m[K/ros2-migration/arena/arena-rosnav/utils/misc/mapping/src/mapping.cpp:24:11:[m[K [01;31m[Kerror: [m[Kâ€˜[01m[Kclass rclcpp::Node[m[Kâ€™ has no member named â€˜[01m[Kparam[m[Kâ€™
[5.281s]    24 |     node_.[01;31m[Kparam[m[K("sdf_map/p_min", mp_.p_min_, 0.12);
[5.281s]       |           [01;31m[K^~~~~[m[K
[5.281s] [01m[K/ros2-migration/arena/arena-rosnav/utils/misc/mapping/src/mapping.cpp:25:11:[m[K [01;31m[Kerror: [m[Kâ€˜[01m[Kclass rclcpp::Node[m[Kâ€™ has no member named â€˜[01m[Kparam[m[Kâ€™
[5.281s]    25 |     node_.[01;31m[Kparam[m[K("sdf_map/p_max", mp_.p_max_, 0.80);
[5.281s]       |           [01;31m[K^~~~~[m[K
[5.281s] [01m[K/ros2-migration/arena/arena-rosnav/utils/misc/mapping/src/mapping.cpp:26:11:[m[K [01;31m[Kerror: [m[Kâ€˜[01m[Kclass rclcpp::Node[m[Kâ€™ has no member named â€˜[01m[Kparam[m[Kâ€™
[5.281s]    26 |     node_.[01;31m[Kparam[m[K("sdf_map/p_occ", mp_.p_occ_, 0.70);
[5.281s]       |           [01;31m[K^~~~~[m[K
[5.281s] [01m[K/ros2-migration/arena/arena-rosnav/utils/misc/mapping/src/mapping.cpp:29:11:[m[K [01;31m[Kerror: [m[Kâ€˜[01m[Kclass rclcpp::Node[m[Kâ€™ has no member named â€˜[01m[Kparam[m[Kâ€™
[5.281s]    29 |     node_.[01;31m[Kparam[m[K("sdf_map/min_ray_length", mp_.min_ray_length_, 0.5);
[5.281s]       |           [01;31m[K^~~~~[m[K
[5.281s] [01m[K/ros2-migration/arena/arena-rosnav/utils/misc/mapping/src/mapping.cpp:30:11:[m[K [01;31m[Kerror: [m[Kâ€˜[01m[Kclass rclcpp::Node[m[Kâ€™ has no member named â€˜[01m[Kparam[m[Kâ€™
[5.281s]    30 |     node_.[01;31m[Kparam[m[K("sdf_map/max_ray_length", mp_.max_ray_length_, 3.5);
[5.281s]       |           [01;31m[K^~~~~[m[K
[5.282s] [01m[K/ros2-migration/arena/arena-rosnav/utils/misc/mapping/src/mapping.cpp:33:11:[m[K [01;31m[Kerror: [m[Kâ€˜[01m[Kclass rclcpp::Node[m[Kâ€™ has no member named â€˜[01m[Kparam[m[Kâ€™
[5.282s]    33 |     node_.[01;31m[Kparam[m[K("sdf_map/show_occ_time", mp_.show_occ_time_, false);
[5.282s]       |           [01;31m[K^~~~~[m[K
[5.282s] [01m[K/ros2-migration/arena/arena-rosnav/utils/misc/mapping/src/mapping.cpp:34:11:[m[K [01;31m[Kerror: [m[Kâ€˜[01m[Kclass rclcpp::Node[m[Kâ€™ has no member named â€˜[01m[Kparam[m[Kâ€™
[5.282s]    34 |     node_.[01;31m[Kparam[m[K("sdf_map/show_esdf_time", mp_.show_esdf_time_, false);
[5.282s]       |           [01;31m[K^~~~~[m[K
[5.282s] [01m[K/ros2-migration/arena/arena-rosnav/utils/misc/mapping/src/mapping.cpp:37:11:[m[K [01;31m[Kerror: [m[Kâ€˜[01m[Kclass rclcpp::Node[m[Kâ€™ has no member named â€˜[01m[Kparam[m[Kâ€™
[5.282s]    37 |     node_.[01;31m[Kparam[m[K("sdf_map/frame_id", mp_.frame_id_, std::string("map"));
[5.282s]       |           [01;31m[K^~~~~[m[K
[5.282s] [01m[K/ros2-migration/arena/arena-rosnav/utils/misc/mapping/src/mapping.cpp:38:11:[m[K [01;31m[Kerror: [m[Kâ€˜[01m[Kclass rclcpp::Node[m[Kâ€™ has no member named â€˜[01m[Kparam[m[Kâ€™
[5.282s]    38 |     node_.[01;31m[Kparam[m[K("sdf_map/obstacles_inflation", mp_.obstacles_inflation_, 0.01);
[5.282s]       |           [01;31m[K^~~~~[m[K
[5.282s] [01m[K/ros2-migration/arena/arena-rosnav/utils/misc/mapping/src/mapping.cpp:39:11:[m[K [01;31m[Kerror: [m[Kâ€˜[01m[Kclass rclcpp::Node[m[Kâ€™ has no member named â€˜[01m[Kparam[m[Kâ€™
[5.282s]    39 |     node_.[01;31m[Kparam[m[K("sdf_map/local_bound_inflate", mp_.local_bound_inflate_, 0.0);
[5.282s]       |           [01;31m[K^~~~~[m[K
[5.283s] [01m[K/ros2-migration/arena/arena-rosnav/utils/misc/mapping/src/mapping.cpp:40:11:[m[K [01;31m[Kerror: [m[Kâ€˜[01m[Kclass rclcpp::Node[m[Kâ€™ has no member named â€˜[01m[Kparam[m[Kâ€™
[5.283s]    40 |     node_.[01;31m[Kparam[m[K("sdf_map/local_map_margin", mp_.local_map_margin_, 50);
[5.283s]       |           [01;31m[K^~~~~[m[K
[5.396s] [01m[K/ros2-migration/arena/arena-rosnav/utils/misc/mapping/src/mapping.cpp:162:103:[m[K [01;31m[Kerror: [m[Kno matching function for call to â€˜[01m[Kmessage_filters::Subscriber<sensor_msgs::msg::LaserScan_<std::allocator<void> > >::Subscriber(rclcpp::Node&, const char [5], int)[m[Kâ€™
[5.396s]   162 |     scan_sub_.reset(new message_filters::Subscriber<sensor_msgs::msg::LaserScan>(public_nh, "scan", 50[01;31m[K)[m[K);
[5.396s]       |                                                                                                       [01;31m[K^[m[K
[5.396s] In file included from [01m[K/ros2-migration/arena/arena-rosnav/utils/misc/mapping/include/mapping/mapping.h:40[m[K,
[5.396s]                  from [01m[K/ros2-migration/arena/arena-rosnav/utils/misc/mapping/src/mapping.cpp:1[m[K:
[5.396s] [01m[K/opt/ros/humble/include/message_filters/message_filters/subscriber.h:203:3:[m[K [01;36m[Knote: [m[Kcandidate: â€˜[01m[Kmessage_filters::Subscriber<M, NodeType>::Subscriber() [with M = sensor_msgs::msg::LaserScan_<std::allocator<void> >; NodeType = rclcpp::Node][m[Kâ€™
[5.396s]   203 |   [01;36m[KSubscriber[m[K() = default;
[5.396s]       |   [01;36m[K^~~~~~~~~~[m[K
[5.396s] [01m[K/opt/ros/humble/include/message_filters/message_filters/subscriber.h:203:3:[m[K [01;36m[Knote: [m[K  candidate expects 0 arguments, 3 provided
[5.396s] [01m[K/opt/ros/humble/include/message_filters/message_filters/subscriber.h:191:3:[m[K [01;36m[Knote: [m[Kcandidate: â€˜[01m[Kmessage_filters::Subscriber<M, NodeType>::Subscriber(NodeType*, const string&, rmw_qos_profile_t, rclcpp::SubscriptionOptions) [with M = sensor_msgs::msg::LaserScan_<std::allocator<void> >; NodeType = rclcpp::Node; std::string = std::__cxx11::basic_string<char>; rmw_qos_profile_t = rmw_qos_profile_s; rclcpp::SubscriptionOptions = rclcpp::SubscriptionOptionsWithAllocator<std::allocator<void> >][m[Kâ€™
[5.396s]   191 |   [01;36m[KSubscriber[m[K(
[5.396s]       |   [01;36m[K^~~~~~~~~~[m[K
[5.396s] [01m[K/opt/ros/humble/include/message_filters/message_filters/subscriber.h:191:3:[m[K [01;36m[Knote: [m[K  candidate expects 4 arguments, 3 provided
[5.396s] [01m[K/opt/ros/humble/include/message_filters/message_filters/subscriber.h:182:3:[m[K [01;36m[Knote: [m[Kcandidate: â€˜[01m[Kmessage_filters::Subscriber<M, NodeType>::Subscriber(message_filters::Subscriber<M, NodeType>::NodePtr, const string&, rmw_qos_profile_t, rclcpp::SubscriptionOptions) [with M = sensor_msgs::msg::LaserScan_<std::allocator<void> >; NodeType = rclcpp::Node; message_filters::Subscriber<M, NodeType>::NodePtr = std::shared_ptr<rclcpp::Node>; std::string = std::__cxx11::basic_string<char>; rmw_qos_profile_t = rmw_qos_profile_s; rclcpp::SubscriptionOptions = rclcpp::SubscriptionOptionsWithAllocator<std::allocator<void> >][m[Kâ€™
[5.397s]   182 |   [01;36m[KSubscriber[m[K(
[5.397s]       |   [01;36m[K^~~~~~~~~~[m[K
[5.397s] [01m[K/opt/ros/humble/include/message_filters/message_filters/subscriber.h:182:3:[m[K [01;36m[Knote: [m[K  candidate expects 4 arguments, 3 provided
[5.397s] [01m[K/opt/ros/humble/include/message_filters/message_filters/subscriber.h:167:3:[m[K [01;36m[Knote: [m[Kcandidate: â€˜[01m[Kmessage_filters::Subscriber<M, NodeType>::Subscriber(NodeType*, const string&, rmw_qos_profile_t) [with M = sensor_msgs::msg::LaserScan_<std::allocator<void> >; NodeType = rclcpp::Node; std::string = std::__cxx11::basic_string<char>; rmw_qos_profile_t = rmw_qos_profile_s][m[Kâ€™
[5.397s]   167 |   [01;36m[KSubscriber[m[K(NodeType * node, const std::string& topic, const rmw_qos_profile_t qos = rmw_qos_profile_default)
[5.397s]       |   [01;36m[K^~~~~~~~~~[m[K
[5.397s] [01m[K/opt/ros/humble/include/message_filters/message_filters/subscriber.h:167:25:[m[K [01;36m[Knote: [m[K  no known conversion for argument 1 from â€˜[01m[Krclcpp::Node[m[Kâ€™ to â€˜[01m[Krclcpp::Node*[m[Kâ€™
[5.397s]   167 |   Subscriber([01;36m[KNodeType * node[m[K, const std::string& topic, const rmw_qos_profile_t qos = rmw_qos_profile_default)
[5.397s]       |              [01;36m[K~~~~~~~~~~~^~~~[m[K
[5.397s] [01m[K/opt/ros/humble/include/message_filters/message_filters/subscriber.h:162:3:[m[K [01;36m[Knote: [m[Kcandidate: â€˜[01m[Kmessage_filters::Subscriber<M, NodeType>::Subscriber(message_filters::Subscriber<M, NodeType>::NodePtr, const string&, rmw_qos_profile_t) [with M = sensor_msgs::msg::LaserScan_<std::allocator<void> >; NodeType = rclcpp::Node; message_filters::Subscriber<M, NodeType>::NodePtr = std::shared_ptr<rclcpp::Node>; std::string = std::__cxx11::basic_string<char>; rmw_qos_profile_t = rmw_qos_profile_s][m[Kâ€™
[5.397s]   162 |   [01;36m[KSubscriber[m[K(NodePtr node, const std::string& topic, const rmw_qos_profile_t qos = rmw_qos_profile_default)
[5.397s]       |   [01;36m[K^~~~~~~~~~[m[K
[5.397s] [01m[K/opt/ros/humble/include/message_filters/message_filters/subscriber.h:162:22:[m[K [01;36m[Knote: [m[K  no known conversion for argument 1 from â€˜[01m[Krclcpp::Node[m[Kâ€™ to â€˜[01m[Kmessage_filters::Subscriber<sensor_msgs::msg::LaserScan_<std::allocator<void> > >::NodePtr[m[Kâ€™ {aka â€˜[01m[Kstd::shared_ptr<rclcpp::Node>[m[Kâ€™}
[5.397s]   162 |   Subscriber([01;36m[KNodePtr node[m[K, const std::string& topic, const rmw_qos_profile_t qos = rmw_qos_profile_default)
[5.397s]       |              [01;36m[K~~~~~~~~^~~~[m[K
[5.436s] [01m[K/ros2-migration/arena/arena-rosnav/utils/misc/mapping/src/mapping.cpp:163:117:[m[K [01;31m[Kerror: [m[Kno matching function for call to â€˜[01m[Kmessage_filters::Subscriber<nav_msgs::msg::Odometry_<std::allocator<void> > >::Subscriber(rclcpp::Node&, const char [22], int)[m[Kâ€™
[5.436s]   163 |     odom_sub_.reset(new message_filters::Subscriber<nav_msgs::msg::Odometry>(public_nh, "odometry/ground_truth", 100[01;31m[K)[m[K);
[5.436s]       |                                                                                                                     [01;31m[K^[m[K
[5.436s] In file included from [01m[K/ros2-migration/arena/arena-rosnav/utils/misc/mapping/include/mapping/mapping.h:40[m[K,
[5.436s]                  from [01m[K/ros2-migration/arena/arena-rosnav/utils/misc/mapping/src/mapping.cpp:1[m[K:
[5.436s] [01m[K/opt/ros/humble/include/message_filters/message_filters/subscriber.h:203:3:[m[K [01;36m[Knote: [m[Kcandidate: â€˜[01m[Kmessage_filters::Subscriber<M, NodeType>::Subscriber() [with M = nav_msgs::msg::Odometry_<std::allocator<void> >; NodeType = rclcpp::Node][m[Kâ€™
[5.436s]   203 |   [01;36m[KSubscriber[m[K() = default;
[5.436s]       |   [01;36m[K^~~~~~~~~~[m[K
[5.436s] [01m[K/opt/ros/humble/include/message_filters/message_filters/subscriber.h:203:3:[m[K [01;36m[Knote: [m[K  candidate expects 0 arguments, 3 provided
[5.436s] [01m[K/opt/ros/humble/include/message_filters/message_filters/subscriber.h:191:3:[m[K [01;36m[Knote: [m[Kcandidate: â€˜[01m[Kmessage_filters::Subscriber<M, NodeType>::Subscriber(NodeType*, const string&, rmw_qos_profile_t, rclcpp::SubscriptionOptions) [with M = nav_msgs::msg::Odometry_<std::allocator<void> >; NodeType = rclcpp::Node; std::string = std::__cxx11::basic_string<char>; rmw_qos_profile_t = rmw_qos_profile_s; rclcpp::SubscriptionOptions = rclcpp::SubscriptionOptionsWithAllocator<std::allocator<void> >][m[Kâ€™
[5.436s]   191 |   [01;36m[KSubscriber[m[K(
[5.437s]       |   [01;36m[K^~~~~~~~~~[m[K
[5.437s] [01m[K/opt/ros/humble/include/message_filters/message_filters/subscriber.h:191:3:[m[K [01;36m[Knote: [m[K  candidate expects 4 arguments, 3 provided
[5.437s] [01m[K/opt/ros/humble/include/message_filters/message_filters/subscriber.h:182:3:[m[K [01;36m[Knote: [m[Kcandidate: â€˜[01m[Kmessage_filters::Subscriber<M, NodeType>::Subscriber(message_filters::Subscriber<M, NodeType>::NodePtr, const string&, rmw_qos_profile_t, rclcpp::SubscriptionOptions) [with M = nav_msgs::msg::Odometry_<std::allocator<void> >; NodeType = rclcpp::Node; message_filters::Subscriber<M, NodeType>::NodePtr = std::shared_ptr<rclcpp::Node>; std::string = std::__cxx11::basic_string<char>; rmw_qos_profile_t = rmw_qos_profile_s; rclcpp::SubscriptionOptions = rclcpp::SubscriptionOptionsWithAllocator<std::allocator<void> >][m[Kâ€™
[5.437s]   182 |   [01;36m[KSubscriber[m[K(
[5.437s]       |   [01;36m[K^~~~~~~~~~[m[K
[5.437s] [01m[K/opt/ros/humble/include/message_filters/message_filters/subscriber.h:182:3:[m[K [01;36m[Knote: [m[K  candidate expects 4 arguments, 3 provided
[5.437s] [01m[K/opt/ros/humble/include/message_filters/message_filters/subscriber.h:167:3:[m[K [01;36m[Knote: [m[Kcandidate: â€˜[01m[Kmessage_filters::Subscriber<M, NodeType>::Subscriber(NodeType*, const string&, rmw_qos_profile_t) [with M = nav_msgs::msg::Odometry_<std::allocator<void> >; NodeType = rclcpp::Node; std::string = std::__cxx11::basic_string<char>; rmw_qos_profile_t = rmw_qos_profile_s][m[Kâ€™
[5.437s]   167 |   [01;36m[KSubscriber[m[K(NodeType * node, const std::string& topic, const rmw_qos_profile_t qos = rmw_qos_profile_default)
[5.437s]       |   [01;36m[K^~~~~~~~~~[m[K
[5.437s] [01m[K/opt/ros/humble/include/message_filters/message_filters/subscriber.h:167:25:[m[K [01;36m[Knote: [m[K  no known conversion for argument 1 from â€˜[01m[Krclcpp::Node[m[Kâ€™ to â€˜[01m[Krclcpp::Node*[m[Kâ€™
[5.437s]   167 |   Subscriber([01;36m[KNodeType * node[m[K, const std::string& topic, const rmw_qos_profile_t qos = rmw_qos_profile_default)
[5.437s]       |              [01;36m[K~~~~~~~~~~~^~~~[m[K
[5.438s] [01m[K/opt/ros/humble/include/message_filters/message_filters/subscriber.h:162:3:[m[K [01;36m[Knote: [m[Kcandidate: â€˜[01m[Kmessage_filters::Subscriber<M, NodeType>::Subscriber(message_filters::Subscriber<M, NodeType>::NodePtr, const string&, rmw_qos_profile_t) [with M = nav_msgs::msg::Odometry_<std::allocator<void> >; NodeType = rclcpp::Node; message_filters::Subscriber<M, NodeType>::NodePtr = std::shared_ptr<rclcpp::Node>; std::string = std::__cxx11::basic_string<char>; rmw_qos_profile_t = rmw_qos_profile_s][m[Kâ€™
[5.438s]   162 |   [01;36m[KSubscriber[m[K(NodePtr node, const std::string& topic, const rmw_qos_profile_t qos = rmw_qos_profile_default)
[5.438s]       |   [01;36m[K^~~~~~~~~~[m[K
[5.438s] [01m[K/opt/ros/humble/include/message_filters/message_filters/subscriber.h:162:22:[m[K [01;36m[Knote: [m[K  no known conversion for argument 1 from â€˜[01m[Krclcpp::Node[m[Kâ€™ to â€˜[01m[Kmessage_filters::Subscriber<nav_msgs::msg::Odometry_<std::allocator<void> > >::NodePtr[m[Kâ€™ {aka â€˜[01m[Kstd::shared_ptr<rclcpp::Node>[m[Kâ€™}
[5.438s]   162 |   Subscriber([01;36m[KNodePtr node[m[K, const std::string& topic, const rmw_qos_profile_t qos = rmw_qos_profile_default)
[5.438s]       |              [01;36m[K~~~~~~~~^~~~[m[K
[5.497s] [01m[K/ros2-migration/arena/arena-rosnav/utils/misc/mapping/src/mapping.cpp:165:46:[m[K [01;31m[Kerror: [m[Kâ€˜[01m[Kbind[m[Kâ€™ is not a member of â€˜[01m[Kboost[m[Kâ€™; did you mean â€˜[01m[Kfind[m[Kâ€™?
[5.497s]   165 |     sync_scan_odom_->registerCallback(boost::[01;31m[Kbind[m[K(&GridMap::scanOdomCallback, this, _1, _2));
[5.497s]       |                                              [01;31m[K^~~~[m[K
[5.497s]       |                                              [32m[Kfind[m[K
[5.498s] [01m[K/ros2-migration/arena/arena-rosnav/utils/misc/mapping/src/mapping.cpp:165:85:[m[K [01;31m[Kerror: [m[Kâ€˜[01m[K_1[m[Kâ€™ was not declared in this scope
[5.498s]   165 |     sync_scan_odom_->registerCallback(boost::bind(&GridMap::scanOdomCallback, this, [01;31m[K_1[m[K, _2));
[5.498s]       |                                                                                     [01;31m[K^~[m[K
[5.498s] [01m[K/ros2-migration/arena/arena-rosnav/utils/misc/mapping/src/mapping.cpp:165:85:[m[K [01;36m[Knote: [m[Ksuggested alternatives:
[5.498s] In file included from [01m[K/usr/include/boost/mpl/aux_/include_preprocessed.hpp:37[m[K,
[5.498s]                  from [01m[K/usr/include/boost/mpl/placeholders.hpp:43[m[K,
[5.498s]                  from [01m[K/usr/include/boost/mpl/apply.hpp:24[m[K,
[5.498s]                  from [01m[K/usr/include/boost/mpl/aux_/iter_apply.hpp:17[m[K,
[5.499s]                  from [01m[K/usr/include/boost/mpl/aux_/find_if_pred.hpp:14[m[K,
[5.499s]                  from [01m[K/usr/include/boost/mpl/find_if.hpp:17[m[K,
[5.499s]                  from [01m[K/usr/include/boost/mpl/find.hpp:17[m[K,
[5.499s]                  from [01m[K/usr/include/boost/mpl/aux_/contains_impl.hpp:20[m[K,
[5.499s]                  from [01m[K/usr/include/boost/mpl/contains.hpp:20[m[K,
[5.499s]                  from [01m[K/usr/include/pcl-1.12/pcl/impl/point_types.hpp:49[m[K,
[5.499s]                  from [01m[K/usr/include/pcl-1.12/pcl/point_types.h:354[m[K,
[5.499s]                  from [01m[K/usr/include/pcl-1.12/pcl/point_representation.h:45[m[K,
[5.499s]                  from [01m[K/usr/include/pcl-1.12/pcl/kdtree/kdtree.h:44[m[K,
[5.499s]                  from [01m[K/usr/include/pcl-1.12/pcl/kdtree/kdtree_flann.h:43[m[K,
[5.499s]                  from [01m[K/ros2-migration/arena/arena-rosnav/utils/misc/mapping/include/mapping/mapping.h:15[m[K,
[5.500s]                  from [01m[K/ros2-migration/arena/arena-rosnav/utils/misc/mapping/src/mapping.cpp:1[m[K:
[5.500s] [01m[K/usr/include/boost/mpl/aux_/preprocessed/gcc/placeholders.hpp:29:16:[m[K [01;36m[Knote: [m[K  â€˜[01m[Kmpl_::_1[m[Kâ€™
[5.500s]    29 | typedef arg<1> [01;36m[K_1[m[K;
[5.500s]       |                [01;36m[K^~[m[K
[5.500s] In file included from [01m[K/usr/include/eigen3/Eigen/Core:85[m[K,
[5.500s]                  from [01m[K/usr/include/eigen3/Eigen/Dense:1[m[K,
[5.500s]                  from [01m[K/usr/include/eigen3/Eigen/Eigen:1[m[K,
[5.500s]                  from [01m[K/ros2-migration/arena/arena-rosnav/utils/misc/mapping/include/mapping/mapping.h:5[m[K,
[5.500s]                  from [01m[K/ros2-migration/arena/arena-rosnav/utils/misc/mapping/src/mapping.cpp:1[m[K:
[5.500s] [01m[K/usr/include/c++/11/functional:225:34:[m[K [01;36m[Knote: [m[K  â€˜[01m[Kstd::placeholders::_1[m[Kâ€™
[5.500s]   225 |     extern const _Placeholder<1> [01;36m[K_1[m[K;
[5.500s]       |                                  [01;36m[K^~[m[K
[5.500s] In file included from [01m[K/usr/include/boost/mpl/aux_/include_preprocessed.hpp:37[m[K,
[5.500s]                  from [01m[K/usr/include/boost/mpl/placeholders.hpp:43[m[K,
[5.500s]                  from [01m[K/usr/include/boost/mpl/apply.hpp:24[m[K,
[5.501s]                  from [01m[K/usr/include/boost/mpl/aux_/iter_apply.hpp:17[m[K,
[5.501s]                  from [01m[K/usr/include/boost/mpl/aux_/find_if_pred.hpp:14[m[K,
[5.501s]                  from [01m[K/usr/include/boost/mpl/find_if.hpp:17[m[K,
[5.501s]                  from [01m[K/usr/include/boost/mpl/find.hpp:17[m[K,
[5.501s]                  from [01m[K/usr/include/boost/mpl/aux_/contains_impl.hpp:20[m[K,
[5.501s]                  from [01m[K/usr/include/boost/mpl/contains.hpp:20[m[K,
[5.501s]                  from [01m[K/usr/include/pcl-1.12/pcl/impl/point_types.hpp:49[m[K,
[5.501s]                  from [01m[K/usr/include/pcl-1.12/pcl/point_types.h:354[m[K,
[5.501s]                  from [01m[K/usr/include/pcl-1.12/pcl/point_representation.h:45[m[K,
[5.501s]                  from [01m[K/usr/include/pcl-1.12/pcl/kdtree/kdtree.h:44[m[K,
[5.501s]                  from [01m[K/usr/include/pcl-1.12/pcl/kdtree/kdtree_flann.h:43[m[K,
[5.501s]                  from [01m[K/ros2-migration/arena/arena-rosnav/utils/misc/mapping/include/mapping/mapping.h:15[m[K,
[5.501s]                  from [01m[K/ros2-migration/arena/arena-rosnav/utils/misc/mapping/src/mapping.cpp:1[m[K:
[5.501s] [01m[K/usr/include/boost/mpl/aux_/preprocessed/gcc/placeholders.hpp:29:16:[m[K [01;36m[Knote: [m[K  â€˜[01m[Kmpl_::_1[m[Kâ€™
[5.501s]    29 | typedef arg<1> [01;36m[K_1[m[K;
[5.502s]       |                [01;36m[K^~[m[K
[5.502s] [01m[K/usr/include/boost/mpl/aux_/preprocessed/gcc/placeholders.hpp:29:16:[m[K [01;36m[Knote: [m[K  â€˜[01m[Kmpl_::_1[m[Kâ€™
[5.502s] [01m[K/ros2-migration/arena/arena-rosnav/utils/misc/mapping/src/mapping.cpp:165:89:[m[K [01;31m[Kerror: [m[Kâ€˜[01m[K_2[m[Kâ€™ was not declared in this scope
[5.502s]   165 |     sync_scan_odom_->registerCallback(boost::bind(&GridMap::scanOdomCallback, this, _1, [01;31m[K_2[m[K));
[5.502s]       |                                                                                         [01;31m[K^~[m[K
[5.502s] [01m[K/ros2-migration/arena/arena-rosnav/utils/misc/mapping/src/mapping.cpp:165:89:[m[K [01;36m[Knote: [m[Ksuggested alternatives:
[5.502s] In file included from [01m[K/usr/include/boost/mpl/aux_/include_preprocessed.hpp:37[m[K,
[5.502s]                  from [01m[K/usr/include/boost/mpl/placeholders.hpp:43[m[K,
[5.502s]                  from [01m[K/usr/include/boost/mpl/apply.hpp:24[m[K,
[5.502s]                  from [01m[K/usr/include/boost/mpl/aux_/iter_apply.hpp:17[m[K,
[5.502s]                  from [01m[K/usr/include/boost/mpl/aux_/find_if_pred.hpp:14[m[K,
[5.502s]                  from [01m[K/usr/include/boost/mpl/find_if.hpp:17[m[K,
[5.502s]                  from [01m[K/usr/include/boost/mpl/find.hpp:17[m[K,
[5.502s]                  from [01m[K/usr/include/boost/mpl/aux_/contains_impl.hpp:20[m[K,
[5.502s]                  from [01m[K/usr/include/boost/mpl/contains.hpp:20[m[K,
[5.503s]                  from [01m[K/usr/include/pcl-1.12/pcl/impl/point_types.hpp:49[m[K,
[5.503s]                  from [01m[K/usr/include/pcl-1.12/pcl/point_types.h:354[m[K,
[5.503s]                  from [01m[K/usr/include/pcl-1.12/pcl/point_representation.h:45[m[K,
[5.503s]                  from [01m[K/usr/include/pcl-1.12/pcl/kdtree/kdtree.h:44[m[K,
[5.503s]                  from [01m[K/usr/include/pcl-1.12/pcl/kdtree/kdtree_flann.h:43[m[K,
[5.503s]                  from [01m[K/ros2-migration/arena/arena-rosnav/utils/misc/mapping/include/mapping/mapping.h:15[m[K,
[5.503s]                  from [01m[K/ros2-migration/arena/arena-rosnav/utils/misc/mapping/src/mapping.cpp:1[m[K:
[5.503s] [01m[K/usr/include/boost/mpl/aux_/preprocessed/gcc/placeholders.hpp:42:16:[m[K [01;36m[Knote: [m[K  â€˜[01m[Kmpl_::_2[m[Kâ€™
[5.503s]    42 | typedef arg<2> [01;36m[K_2[m[K;
[5.503s]       |                [01;36m[K^~[m[K
[5.503s] In file included from [01m[K/usr/include/eigen3/Eigen/Core:85[m[K,
[5.503s]                  from [01m[K/usr/include/eigen3/Eigen/Dense:1[m[K,
[5.503s]                  from [01m[K/usr/include/eigen3/Eigen/Eigen:1[m[K,
[5.503s]                  from [01m[K/ros2-migration/arena/arena-rosnav/utils/misc/mapping/include/mapping/mapping.h:5[m[K,
[5.503s]                  from [01m[K/ros2-migration/arena/arena-rosnav/utils/misc/mapping/src/mapping.cpp:1[m[K:
[5.503s] [01m[K/usr/include/c++/11/functional:226:34:[m[K [01;36m[Knote: [m[K  â€˜[01m[Kstd::placeholders::_2[m[Kâ€™
[5.504s]   226 |     extern const _Placeholder<2> [01;36m[K_2[m[K;
[5.504s]       |                                  [01;36m[K^~[m[K
[5.504s] In file included from [01m[K/usr/include/boost/mpl/aux_/include_preprocessed.hpp:37[m[K,
[5.504s]                  from [01m[K/usr/include/boost/mpl/placeholders.hpp:43[m[K,
[5.504s]                  from [01m[K/usr/include/boost/mpl/apply.hpp:24[m[K,
[5.504s]                  from [01m[K/usr/include/boost/mpl/aux_/iter_apply.hpp:17[m[K,
[5.504s]                  from [01m[K/usr/include/boost/mpl/aux_/find_if_pred.hpp:14[m[K,
[5.504s]                  from [01m[K/usr/include/boost/mpl/find_if.hpp:17[m[K,
[5.504s]                  from [01m[K/usr/include/boost/mpl/find.hpp:17[m[K,
[5.504s]                  from [01m[K/usr/include/boost/mpl/aux_/contains_impl.hpp:20[m[K,
[5.504s]                  from [01m[K/usr/include/boost/mpl/contains.hpp:20[m[K,
[5.504s]                  from [01m[K/usr/include/pcl-1.12/pcl/impl/point_types.hpp:49[m[K,
[5.504s]                  from [01m[K/usr/include/pcl-1.12/pcl/point_types.h:354[m[K,
[5.504s]                  from [01m[K/usr/include/pcl-1.12/pcl/point_representation.h:45[m[K,
[5.504s]                  from [01m[K/usr/include/pcl-1.12/pcl/kdtree/kdtree.h:44[m[K,
[5.505s]                  from [01m[K/usr/include/pcl-1.12/pcl/kdtree/kdtree_flann.h:43[m[K,
[5.505s]                  from [01m[K/ros2-migration/arena/arena-rosnav/utils/misc/mapping/include/mapping/mapping.h:15[m[K,
[5.505s]                  from [01m[K/ros2-migration/arena/arena-rosnav/utils/misc/mapping/src/mapping.cpp:1[m[K:
[5.505s] [01m[K/usr/include/boost/mpl/aux_/preprocessed/gcc/placeholders.hpp:42:16:[m[K [01;36m[Knote: [m[K  â€˜[01m[Kmpl_::_2[m[Kâ€™
[5.505s]    42 | typedef arg<2> [01;36m[K_2[m[K;
[5.505s]       |                [01;36m[K^~[m[K
[5.505s] [01m[K/usr/include/boost/mpl/aux_/preprocessed/gcc/placeholders.hpp:42:16:[m[K [01;36m[Knote: [m[K  â€˜[01m[Kmpl_::_2[m[Kâ€™
[5.516s] [01m[K/ros2-migration/arena/arena-rosnav/utils/misc/mapping/src/mapping.cpp:168:5:[m[K [01;31m[Kerror: [m[Kâ€˜[01m[Kindep_scan_sub_[m[Kâ€™ was not declared in this scope
[5.516s]   168 |     [01;31m[Kindep_scan_sub_[m[K =public_nh.subscribe<sensor_msgs::msg::LaserScan>("scan", 10, &GridMap::scanCallback, this);
[5.516s]       |     [01;31m[K^~~~~~~~~~~~~~~[m[K
[5.516s] [01m[K/ros2-migration/arena/arena-rosnav/utils/misc/mapping/src/mapping.cpp:168:32:[m[K [01;31m[Kerror: [m[Kâ€˜[01m[Kclass rclcpp::Node[m[Kâ€™ has no member named â€˜[01m[Ksubscribe[m[Kâ€™
[5.516s]   168 |     indep_scan_sub_ =public_nh.[01;31m[Ksubscribe[m[K<sensor_msgs::msg::LaserScan>("scan", 10, &GridMap::scanCallback, this);
[5.516s]       |                                [01;31m[K^~~~~~~~~[m[K
[5.516s] [01m[K/ros2-migration/arena/arena-rosnav/utils/misc/mapping/src/mapping.cpp:168:69:[m[K [01;31m[Kerror: [m[Kexpected primary-expression before â€˜[01m[K>[m[Kâ€™ token
[5.516s]   168 |     indep_scan_sub_ =public_nh.subscribe<sensor_msgs::msg::LaserScan[01;31m[K>[m[K("scan", 10, &GridMap::scanCallback, this);
[5.516s]       |                                                                     [01;31m[K^[m[K
[5.534s] [01m[K/ros2-migration/arena/arena-rosnav/utils/misc/mapping/src/mapping.cpp:169:5:[m[K [01;31m[Kerror: [m[Kâ€˜[01m[Kindep_odom_sub_[m[Kâ€™ was not declared in this scope
[5.534s]   169 |     [01;31m[Kindep_odom_sub_[m[K =public_nh.subscribe<nav_msgs::msg::Odometry>("odometry/ground_truth", 10, &GridMap::odomCallback, this);
[5.534s]       |     [01;31m[K^~~~~~~~~~~~~~~[m[K
[5.534s] [01m[K/ros2-migration/arena/arena-rosnav/utils/misc/mapping/src/mapping.cpp:169:32:[m[K [01;31m[Kerror: [m[Kâ€˜[01m[Kclass rclcpp::Node[m[Kâ€™ has no member named â€˜[01m[Ksubscribe[m[Kâ€™
[5.534s]   169 |     indep_odom_sub_ =public_nh.[01;31m[Ksubscribe[m[K<nav_msgs::msg::Odometry>("odometry/ground_truth", 10, &GridMap::odomCallback, this);
[5.534s]       |                                [01;31m[K^~~~~~~~~[m[K
[5.534s] [01m[K/ros2-migration/arena/arena-rosnav/utils/misc/mapping/src/mapping.cpp:169:65:[m[K [01;31m[Kerror: [m[Kexpected primary-expression before â€˜[01m[K>[m[Kâ€™ token
[5.534s]   169 |     indep_odom_sub_ =public_nh.subscribe<nav_msgs::msg::Odometry[01;31m[K>[m[K("odometry/ground_truth", 10, &GridMap::odomCallback, this);
[5.535s]       |                                                                 [01;31m[K^[m[K
[5.542s] [01m[K/ros2-migration/arena/arena-rosnav/utils/misc/mapping/src/mapping.cpp:172:5:[m[K [01;31m[Kerror: [m[Kâ€˜[01m[Kocc_timer_[m[Kâ€™ was not declared in this scope; did you mean â€˜[01m[Krcl_timer_t[m[Kâ€™?
[5.542s]   172 |     [01;31m[Kocc_timer_[m[K = public_nh.createTimer(rclcpp::Duration(0.05),   &GridMap::updateOccupancyCallback, this); // raycasting & setCacheOccupancy is the key
[5.542s]       |     [01;31m[K^~~~~~~~~~[m[K
[5.543s]       |     [32m[Krcl_timer_t[m[K
[5.543s] [01m[K/ros2-migration/arena/arena-rosnav/utils/misc/mapping/src/mapping.cpp:172:28:[m[K [01;31m[Kerror: [m[Kâ€˜[01m[Kclass rclcpp::Node[m[Kâ€™ has no member named â€˜[01m[KcreateTimer[m[Kâ€™
[5.543s]   172 |     occ_timer_ = public_nh.[01;31m[KcreateTimer[m[K(rclcpp::Duration(0.05),   &GridMap::updateOccupancyCallback, this); // raycasting & setCacheOccupancy is the key
[5.543s]       |                            [01;31m[K^~~~~~~~~~~[m[K
[5.543s] [01m[K/ros2-migration/arena/arena-rosnav/utils/misc/mapping/src/mapping.cpp:172:61:[m[K [01;31m[Kerror: [m[Kno matching function for call to â€˜[01m[Krclcpp::Duration::Duration(double)[m[Kâ€™
[5.543s]   172 |     occ_timer_ = public_nh.createTimer(rclcpp::Duration(0.05[01;31m[K)[m[K,   &GridMap::updateOccupancyCallback, this); // raycasting & setCacheOccupancy is the key
[5.543s]       |                                                             [01;31m[K^[m[K
[5.543s] In file included from [01m[K/opt/ros/humble/include/rclcpp/rclcpp/qos.hpp:20[m[K,
[5.543s]                  from [01m[K/opt/ros/humble/include/rclcpp/rclcpp/node_interfaces/node_graph_interface.hpp:32[m[K,
[5.543s]                  from [01m[K/opt/ros/humble/include/rclcpp/rclcpp/client.hpp:42[m[K,
[5.543s]                  from [01m[K/opt/ros/humble/include/rclcpp/rclcpp/callback_group.hpp:24[m[K,
[5.544s]                  from [01m[K/opt/ros/humble/include/rclcpp/rclcpp/any_executable.hpp:20[m[K,
[5.544s]                  from [01m[K/opt/ros/humble/include/rclcpp/rclcpp/memory_strategy.hpp:25[m[K,
[5.544s]                  from [01m[K/opt/ros/humble/include/rclcpp/rclcpp/memory_strategies.hpp:18[m[K,
[5.544s]                  from [01m[K/opt/ros/humble/include/rclcpp/rclcpp/executor_options.hpp:20[m[K,
[5.544s]                  from [01m[K/opt/ros/humble/include/rclcpp/rclcpp/executor.hpp:37[m[K,
[5.544s]                  from [01m[K/opt/ros/humble/include/rclcpp/rclcpp/executors/multi_threaded_executor.hpp:25[m[K,
[5.544s]                  from [01m[K/opt/ros/humble/include/rclcpp/rclcpp/executors.hpp:21[m[K,
[5.544s]                  from [01m[K/opt/ros/humble/include/rclcpp/rclcpp/rclcpp.hpp:155[m[K,
[5.544s]                  from [01m[K/ros2-migration/arena/arena-rosnav/utils/misc/mapping/include/mapping/mapping.h:7[m[K,
[5.544s]                  from [01m[K/ros2-migration/arena/arena-rosnav/utils/misc/mapping/src/mapping.cpp:1[m[K:
[5.544s] [01m[K/opt/ros/humble/include/rclcpp/rclcpp/duration.hpp:48:3:[m[K [01;36m[Knote: [m[Kcandidate: â€˜[01m[Ktemplate<class Rep, class Period> rclcpp::Duration::Duration(const std::chrono::duration<_Rep1, _Period1>&)[m[Kâ€™
[5.544s]    48 |   [01;36m[KDuration[m[K(const std::chrono::duration<Rep, Period> & duration)  // NOLINT(runtime/explicit)
[5.544s]       |   [01;36m[K^~~~~~~~[m[K
[5.544s] [01m[K/opt/ros/humble/include/rclcpp/rclcpp/duration.hpp:48:3:[m[K [01;36m[Knote: [m[K  template argument deduction/substitution failed:
[5.544s] [01m[K/ros2-migration/arena/arena-rosnav/utils/misc/mapping/src/mapping.cpp:172:61:[m[K [01;36m[Knote: [m[K  mismatched types â€˜[01m[Kconst std::chrono::duration<_Rep1, _Period1>[m[Kâ€™ and â€˜[01m[Kdouble[m[Kâ€™
[5.545s]   172 |     occ_timer_ = public_nh.createTimer(rclcpp::Duration(0.05[01;36m[K)[m[K,   &GridMap::updateOccupancyCallback, this); // raycasting & setCacheOccupancy is the key
[5.545s]       |                                                             [01;36m[K^[m[K
[5.545s] In file included from [01m[K/opt/ros/humble/include/rclcpp/rclcpp/qos.hpp:20[m[K,
[5.545s]                  from [01m[K/opt/ros/humble/include/rclcpp/rclcpp/node_interfaces/node_graph_interface.hpp:32[m[K,
[5.545s]                  from [01m[K/opt/ros/humble/include/rclcpp/rclcpp/client.hpp:42[m[K,
[5.545s]                  from [01m[K/opt/ros/humble/include/rclcpp/rclcpp/callback_group.hpp:24[m[K,
[5.545s]                  from [01m[K/opt/ros/humble/include/rclcpp/rclcpp/any_executable.hpp:20[m[K,
[5.545s]                  from [01m[K/opt/ros/humble/include/rclcpp/rclcpp/memory_strategy.hpp:25[m[K,
[5.545s]                  from [01m[K/opt/ros/humble/include/rclcpp/rclcpp/memory_strategies.hpp:18[m[K,
[5.545s]                  from [01m[K/opt/ros/humble/include/rclcpp/rclcpp/executor_options.hpp:20[m[K,
[5.545s]                  from [01m[K/opt/ros/humble/include/rclcpp/rclcpp/executor.hpp:37[m[K,
[5.545s]                  from [01m[K/opt/ros/humble/include/rclcpp/rclcpp/executors/multi_threaded_executor.hpp:25[m[K,
[5.545s]                  from [01m[K/opt/ros/humble/include/rclcpp/rclcpp/executors.hpp:21[m[K,
[5.545s]                  from [01m[K/opt/ros/humble/include/rclcpp/rclcpp/rclcpp.hpp:155[m[K,
[5.545s]                  from [01m[K/ros2-migration/arena/arena-rosnav/utils/misc/mapping/include/mapping/mapping.h:7[m[K,
[5.545s]                  from [01m[K/ros2-migration/arena/arena-rosnav/utils/misc/mapping/src/mapping.cpp:1[m[K:
[5.546s] [01m[K/opt/ros/humble/include/rclcpp/rclcpp/duration.hpp:151:3:[m[K [01;36m[Knote: [m[Kcandidate: â€˜[01m[Krclcpp::Duration::Duration()[m[Kâ€™
[5.546s]   151 |   [01;36m[KDuration[m[K() = default;
[5.546s]       |   [01;36m[K^~~~~~~~[m[K
[5.546s] [01m[K/opt/ros/humble/include/rclcpp/rclcpp/duration.hpp:151:3:[m[K [01;36m[Knote: [m[K  candidate expects 0 arguments, 1 provided
[5.546s] [01m[K/opt/ros/humble/include/rclcpp/rclcpp/duration.hpp:61:3:[m[K [01;36m[Knote: [m[Kcandidate: â€˜[01m[Krclcpp::Duration::Duration(const rclcpp::Duration&)[m[Kâ€™
[5.546s]    61 |   [01;36m[KDuration[m[K(const Duration & rhs);
[5.546s]       |   [01;36m[K^~~~~~~~[m[K
[5.546s] [01m[K/opt/ros/humble/include/rclcpp/rclcpp/duration.hpp:61:29:[m[K [01;36m[Knote: [m[K  no known conversion for argument 1 from â€˜[01m[Kdouble[m[Kâ€™ to â€˜[01m[Kconst rclcpp::Duration&[m[Kâ€™
[5.546s]    61 |   Duration([01;36m[Kconst Duration & rhs[m[K);
[5.546s]       |            [01;36m[K~~~~~~~~~~~~~~~~~^~~[m[K
[5.546s] [01m[K/opt/ros/humble/include/rclcpp/rclcpp/duration.hpp:59:12:[m[K [01;36m[Knote: [m[Kcandidate: â€˜[01m[Krclcpp::Duration::Duration(const rcl_duration_t&)[m[Kâ€™
[5.546s]    59 |   explicit [01;36m[KDuration[m[K(const rcl_duration_t & duration);
[5.546s]       |            [01;36m[K^~~~~~~~[m[K
[5.546s] [01m[K/opt/ros/humble/include/rclcpp/rclcpp/duration.hpp:59:44:[m[K [01;36m[Knote: [m[K  no known conversion for argument 1 from â€˜[01m[Kdouble[m[Kâ€™ to â€˜[01m[Kconst rcl_duration_t&[m[Kâ€™ {aka â€˜[01m[Kconst rcl_duration_s&[m[Kâ€™}
[5.546s]    59 |   explicit Duration([01;36m[Kconst rcl_duration_t & duration[m[K);
[5.547s]       |                     [01;36m[K~~~~~~~~~~~~~~~~~~~~~~~^~~~~~~~[m[K
[5.547s] [01m[K/opt/ros/humble/include/rclcpp/rclcpp/duration.hpp:53:3:[m[K [01;36m[Knote: [m[Kcandidate: â€˜[01m[Krclcpp::Duration::Duration(const Duration&)[m[Kâ€™
[5.547s]    53 |   [01;36m[KDuration[m[K(const builtin_interfaces::msg::Duration & duration_msg);  // NOLINT(runtime/explicit)
[5.547s]       |   [01;36m[K^~~~~~~~[m[K
[5.547s] [01m[K/opt/ros/humble/include/rclcpp/rclcpp/duration.hpp:53:54:[m[K [01;36m[Knote: [m[K  no known conversion for argument 1 from â€˜[01m[Kdouble[m[Kâ€™ to â€˜[01m[Kconst Duration&[m[Kâ€™ {aka â€˜[01m[Kconst builtin_interfaces::msg::Duration_<std::allocator<void> >&[m[Kâ€™}
[5.547s]    53 |   Duration([01;36m[Kconst builtin_interfaces::msg::Duration & duration_msg[m[K);  // NOLINT(runtime/explicit)
[5.547s]       |            [01;36m[K~~~~~~~~~~~~~~~~~~~~~~~~~~~~~~~~~~~~~~~~~~^~~~~~~~~~~~[m[K
[5.547s] [01m[K/opt/ros/humble/include/rclcpp/rclcpp/duration.hpp:42:12:[m[K [01;36m[Knote: [m[Kcandidate: â€˜[01m[Krclcpp::Duration::Duration(std::chrono::nanoseconds)[m[Kâ€™
[5.547s]    42 |   explicit [01;36m[KDuration[m[K(std::chrono::nanoseconds nanoseconds);
[5.547s]       |            [01;36m[K^~~~~~~~[m[K
[5.547s] [01m[K/opt/ros/humble/include/rclcpp/rclcpp/duration.hpp:42:46:[m[K [01;36m[Knote: [m[K  no known conversion for argument 1 from â€˜[01m[Kdouble[m[Kâ€™ to â€˜[01m[Kstd::chrono::nanoseconds[m[Kâ€™ {aka â€˜[01m[Kstd::chrono::duration<long int, std::ratio<1, 1000000000> >[m[Kâ€™}
[5.547s]    42 |   explicit Duration([01;36m[Kstd::chrono::nanoseconds nanoseconds[m[K);
[5.547s]       |                     [01;36m[K~~~~~~~~~~~~~~~~~~~~~~~~~^~~~~~~~~~~[m[K
[5.547s] [01m[K/opt/ros/humble/include/rclcpp/rclcpp/duration.hpp:39:3:[m[K [01;36m[Knote: [m[Kcandidate: â€˜[01m[Krclcpp::Duration::Duration(int32_t, uint32_t)[m[Kâ€™
[5.547s]    39 |   [01;36m[KDuration[m[K(int32_t seconds, uint32_t nanoseconds);
[5.548s]       |   [01;36m[K^~~~~~~~[m[K
[5.548s] [01m[K/opt/ros/humble/include/rclcpp/rclcpp/duration.hpp:39:3:[m[K [01;36m[Knote: [m[K  candidate expects 2 arguments, 1 provided
[5.553s] [01m[K/ros2-migration/arena/arena-rosnav/utils/misc/mapping/src/mapping.cpp:174:7:[m[K [01;31m[Kerror: [m[Kâ€˜[01m[Kesdf_timer_[m[Kâ€™ was not declared in this scope
[5.554s]   174 |       [01;31m[Kesdf_timer_[m[K = public_nh.createTimer(rclcpp::Duration(0.05), &GridMap::updateESDFCallback, this);
[5.554s]       |       [01;31m[K^~~~~~~~~~~[m[K
[5.554s] [01m[K/ros2-migration/arena/arena-rosnav/utils/misc/mapping/src/mapping.cpp:174:31:[m[K [01;31m[Kerror: [m[Kâ€˜[01m[Kclass rclcpp::Node[m[Kâ€™ has no member named â€˜[01m[KcreateTimer[m[Kâ€™
[5.554s]   174 |       esdf_timer_ = public_nh.[01;31m[KcreateTimer[m[K(rclcpp::Duration(0.05), &GridMap::updateESDFCallback, this);
[5.554s]       |                               [01;31m[K^~~~~~~~~~~[m[K
[5.554s] [01m[K/ros2-migration/arena/arena-rosnav/utils/misc/mapping/src/mapping.cpp:174:64:[m[K [01;31m[Kerror: [m[Kno matching function for call to â€˜[01m[Krclcpp::Duration::Duration(double)[m[Kâ€™
[5.554s]   174 |       esdf_timer_ = public_nh.createTimer(rclcpp::Duration(0.05[01;31m[K)[m[K, &GridMap::updateESDFCallback, this);
[5.554s]       |                                                                [01;31m[K^[m[K
[5.554s] In file included from [01m[K/opt/ros/humble/include/rclcpp/rclcpp/qos.hpp:20[m[K,
[5.554s]                  from [01m[K/opt/ros/humble/include/rclcpp/rclcpp/node_interfaces/node_graph_interface.hpp:32[m[K,
[5.554s]                  from [01m[K/opt/ros/humble/include/rclcpp/rclcpp/client.hpp:42[m[K,
[5.554s]                  from [01m[K/opt/ros/humble/include/rclcpp/rclcpp/callback_group.hpp:24[m[K,
[5.555s]                  from [01m[K/opt/ros/humble/include/rclcpp/rclcpp/any_executable.hpp:20[m[K,
[5.555s]                  from [01m[K/opt/ros/humble/include/rclcpp/rclcpp/memory_strategy.hpp:25[m[K,
[5.555s]                  from [01m[K/opt/ros/humble/include/rclcpp/rclcpp/memory_strategies.hpp:18[m[K,
[5.555s]                  from [01m[K/opt/ros/humble/include/rclcpp/rclcpp/executor_options.hpp:20[m[K,
[5.555s]                  from [01m[K/opt/ros/humble/include/rclcpp/rclcpp/executor.hpp:37[m[K,
[5.555s]                  from [01m[K/opt/ros/humble/include/rclcpp/rclcpp/executors/multi_threaded_executor.hpp:25[m[K,
[5.555s]                  from [01m[K/opt/ros/humble/include/rclcpp/rclcpp/executors.hpp:21[m[K,
[5.555s]                  from [01m[K/opt/ros/humble/include/rclcpp/rclcpp/rclcpp.hpp:155[m[K,
[5.555s]                  from [01m[K/ros2-migration/arena/arena-rosnav/utils/misc/mapping/include/mapping/mapping.h:7[m[K,
[5.555s]                  from [01m[K/ros2-migration/arena/arena-rosnav/utils/misc/mapping/src/mapping.cpp:1[m[K:
[5.555s] [01m[K/opt/ros/humble/include/rclcpp/rclcpp/duration.hpp:48:3:[m[K [01;36m[Knote: [m[Kcandidate: â€˜[01m[Ktemplate<class Rep, class Period> rclcpp::Duration::Duration(const std::chrono::duration<_Rep1, _Period1>&)[m[Kâ€™
[5.555s]    48 |   [01;36m[KDuration[m[K(const std::chrono::duration<Rep, Period> & duration)  // NOLINT(runtime/explicit)
[5.555s]       |   [01;36m[K^~~~~~~~[m[K
[5.555s] [01m[K/opt/ros/humble/include/rclcpp/rclcpp/duration.hpp:48:3:[m[K [01;36m[Knote: [m[K  template argument deduction/substitution failed:
[5.555s] [01m[K/ros2-migration/arena/arena-rosnav/utils/misc/mapping/src/mapping.cpp:174:64:[m[K [01;36m[Knote: [m[K  mismatched types â€˜[01m[Kconst std::chrono::duration<_Rep1, _Period1>[m[Kâ€™ and â€˜[01m[Kdouble[m[Kâ€™
[5.556s]   174 |       esdf_timer_ = public_nh.createTimer(rclcpp::Duration(0.05[01;36m[K)[m[K, &GridMap::updateESDFCallback, this);
[5.556s]       |                                                                [01;36m[K^[m[K
[5.556s] In file included from [01m[K/opt/ros/humble/include/rclcpp/rclcpp/qos.hpp:20[m[K,
[5.556s]                  from [01m[K/opt/ros/humble/include/rclcpp/rclcpp/node_interfaces/node_graph_interface.hpp:32[m[K,
[5.556s]                  from [01m[K/opt/ros/humble/include/rclcpp/rclcpp/client.hpp:42[m[K,
[5.556s]                  from [01m[K/opt/ros/humble/include/rclcpp/rclcpp/callback_group.hpp:24[m[K,
[5.556s]                  from [01m[K/opt/ros/humble/include/rclcpp/rclcpp/any_executable.hpp:20[m[K,
[5.556s]                  from [01m[K/opt/ros/humble/include/rclcpp/rclcpp/memory_strategy.hpp:25[m[K,
[5.556s]                  from [01m[K/opt/ros/humble/include/rclcpp/rclcpp/memory_strategies.hpp:18[m[K,
[5.556s]                  from [01m[K/opt/ros/humble/include/rclcpp/rclcpp/executor_options.hpp:20[m[K,
[5.556s]                  from [01m[K/opt/ros/humble/include/rclcpp/rclcpp/executor.hpp:37[m[K,
[5.556s]                  from [01m[K/opt/ros/humble/include/rclcpp/rclcpp/executors/multi_threaded_executor.hpp:25[m[K,
[5.556s]                  from [01m[K/opt/ros/humble/include/rclcpp/rclcpp/executors.hpp:21[m[K,
[5.556s]                  from [01m[K/opt/ros/humble/include/rclcpp/rclcpp/rclcpp.hpp:155[m[K,
[5.556s]                  from [01m[K/ros2-migration/arena/arena-rosnav/utils/misc/mapping/include/mapping/mapping.h:7[m[K,
[5.557s]                  from [01m[K/ros2-migration/arena/arena-rosnav/utils/misc/mapping/src/mapping.cpp:1[m[K:
[5.557s] [01m[K/opt/ros/humble/include/rclcpp/rclcpp/duration.hpp:151:3:[m[K [01;36m[Knote: [m[Kcandidate: â€˜[01m[Krclcpp::Duration::Duration()[m[Kâ€™
[5.557s]   151 |   [01;36m[KDuration[m[K() = default;
[5.557s]       |   [01;36m[K^~~~~~~~[m[K
[5.557s] [01m[K/opt/ros/humble/include/rclcpp/rclcpp/duration.hpp:151:3:[m[K [01;36m[Knote: [m[K  candidate expects 0 arguments, 1 provided
[5.557s] [01m[K/opt/ros/humble/include/rclcpp/rclcpp/duration.hpp:61:3:[m[K [01;36m[Knote: [m[Kcandidate: â€˜[01m[Krclcpp::Duration::Duration(const rclcpp::Duration&)[m[Kâ€™
[5.557s]    61 |   [01;36m[KDuration[m[K(const Duration & rhs);
[5.557s]       |   [01;36m[K^~~~~~~~[m[K
[5.557s] [01m[K/opt/ros/humble/include/rclcpp/rclcpp/duration.hpp:61:29:[m[K [01;36m[Knote: [m[K  no known conversion for argument 1 from â€˜[01m[Kdouble[m[Kâ€™ to â€˜[01m[Kconst rclcpp::Duration&[m[Kâ€™
[5.557s]    61 |   Duration([01;36m[Kconst Duration & rhs[m[K);
[5.557s]       |            [01;36m[K~~~~~~~~~~~~~~~~~^~~[m[K
[5.557s] [01m[K/opt/ros/humble/include/rclcpp/rclcpp/duration.hpp:59:12:[m[K [01;36m[Knote: [m[Kcandidate: â€˜[01m[Krclcpp::Duration::Duration(const rcl_duration_t&)[m[Kâ€™
[5.557s]    59 |   explicit [01;36m[KDuration[m[K(const rcl_duration_t & duration);
[5.557s]       |            [01;36m[K^~~~~~~~[m[K
[5.557s] [01m[K/opt/ros/humble/include/rclcpp/rclcpp/duration.hpp:59:44:[m[K [01;36m[Knote: [m[K  no known conversion for argument 1 from â€˜[01m[Kdouble[m[Kâ€™ to â€˜[01m[Kconst rcl_duration_t&[m[Kâ€™ {aka â€˜[01m[Kconst rcl_duration_s&[m[Kâ€™}
[5.558s]    59 |   explicit Duration([01;36m[Kconst rcl_duration_t & duration[m[K);
[5.558s]       |                     [01;36m[K~~~~~~~~~~~~~~~~~~~~~~~^~~~~~~~[m[K
[5.558s] [01m[K/opt/ros/humble/include/rclcpp/rclcpp/duration.hpp:53:3:[m[K [01;36m[Knote: [m[Kcandidate: â€˜[01m[Krclcpp::Duration::Duration(const Duration&)[m[Kâ€™
[5.558s]    53 |   [01;36m[KDuration[m[K(const builtin_interfaces::msg::Duration & duration_msg);  // NOLINT(runtime/explicit)
[5.558s]       |   [01;36m[K^~~~~~~~[m[K
[5.558s] [01m[K/opt/ros/humble/include/rclcpp/rclcpp/duration.hpp:53:54:[m[K [01;36m[Knote: [m[K  no known conversion for argument 1 from â€˜[01m[Kdouble[m[Kâ€™ to â€˜[01m[Kconst Duration&[m[Kâ€™ {aka â€˜[01m[Kconst builtin_interfaces::msg::Duration_<std::allocator<void> >&[m[Kâ€™}
[5.558s]    53 |   Duration([01;36m[Kconst builtin_interfaces::msg::Duration & duration_msg[m[K);  // NOLINT(runtime/explicit)
[5.558s]       |            [01;36m[K~~~~~~~~~~~~~~~~~~~~~~~~~~~~~~~~~~~~~~~~~~^~~~~~~~~~~~[m[K
[5.558s] [01m[K/opt/ros/humble/include/rclcpp/rclcpp/duration.hpp:42:12:[m[K [01;36m[Knote: [m[Kcandidate: â€˜[01m[Krclcpp::Duration::Duration(std::chrono::nanoseconds)[m[Kâ€™
[5.558s]    42 |   explicit [01;36m[KDuration[m[K(std::chrono::nanoseconds nanoseconds);
[5.558s]       |            [01;36m[K^~~~~~~~[m[K
[5.558s] [01m[K/opt/ros/humble/include/rclcpp/rclcpp/duration.hpp:42:46:[m[K [01;36m[Knote: [m[K  no known conversion for argument 1 from â€˜[01m[Kdouble[m[Kâ€™ to â€˜[01m[Kstd::chrono::nanoseconds[m[Kâ€™ {aka â€˜[01m[Kstd::chrono::duration<long int, std::ratio<1, 1000000000> >[m[Kâ€™}
[5.558s]    42 |   explicit Duration([01;36m[Kstd::chrono::nanoseconds nanoseconds[m[K);
[5.558s]       |                     [01;36m[K~~~~~~~~~~~~~~~~~~~~~~~~~^~~~~~~~~~~[m[K
[5.558s] [01m[K/opt/ros/humble/include/rclcpp/rclcpp/duration.hpp:39:3:[m[K [01;36m[Knote: [m[Kcandidate: â€˜[01m[Krclcpp::Duration::Duration(int32_t, uint32_t)[m[Kâ€™
[5.559s]    39 |   [01;36m[KDuration[m[K(int32_t seconds, uint32_t nanoseconds);
[5.559s]       |   [01;36m[K^~~~~~~~[m[K
[5.559s] [01m[K/opt/ros/humble/include/rclcpp/rclcpp/duration.hpp:39:3:[m[K [01;36m[Knote: [m[K  candidate expects 2 arguments, 1 provided
[5.563s] [01m[K/ros2-migration/arena/arena-rosnav/utils/misc/mapping/src/mapping.cpp:176:5:[m[K [01;31m[Kerror: [m[Kâ€˜[01m[Kvis_timer_[m[Kâ€™ was not declared in this scope
[5.563s]   176 |     [01;31m[Kvis_timer_[m[K = public_nh.createTimer(rclcpp::Duration(0.05), &GridMap::visCallback, this);
[5.563s]       |     [01;31m[K^~~~~~~~~~[m[K
[5.563s] [01m[K/ros2-migration/arena/arena-rosnav/utils/misc/mapping/src/mapping.cpp:176:28:[m[K [01;31m[Kerror: [m[Kâ€˜[01m[Kclass rclcpp::Node[m[Kâ€™ has no member named â€˜[01m[KcreateTimer[m[Kâ€™
[5.563s]   176 |     vis_timer_ = public_nh.[01;31m[KcreateTimer[m[K(rclcpp::Duration(0.05), &GridMap::visCallback, this);
[5.563s]       |                            [01;31m[K^~~~~~~~~~~[m[K
[5.563s] [01m[K/ros2-migration/arena/arena-rosnav/utils/misc/mapping/src/mapping.cpp:176:61:[m[K [01;31m[Kerror: [m[Kno matching function for call to â€˜[01m[Krclcpp::Duration::Duration(double)[m[Kâ€™
[5.563s]   176 |     vis_timer_ = public_nh.createTimer(rclcpp::Duration(0.05[01;31m[K)[m[K, &GridMap::visCallback, this);
[5.564s]       |                                                             [01;31m[K^[m[K
[5.564s] In file included from [01m[K/opt/ros/humble/include/rclcpp/rclcpp/qos.hpp:20[m[K,
[5.564s]                  from [01m[K/opt/ros/humble/include/rclcpp/rclcpp/node_interfaces/node_graph_interface.hpp:32[m[K,
[5.564s]                  from [01m[K/opt/ros/humble/include/rclcpp/rclcpp/client.hpp:42[m[K,
[5.564s]                  from [01m[K/opt/ros/humble/include/rclcpp/rclcpp/callback_group.hpp:24[m[K,
[5.564s]                  from [01m[K/opt/ros/humble/include/rclcpp/rclcpp/any_executable.hpp:20[m[K,
[5.564s]                  from [01m[K/opt/ros/humble/include/rclcpp/rclcpp/memory_strategy.hpp:25[m[K,
[5.564s]                  from [01m[K/opt/ros/humble/include/rclcpp/rclcpp/memory_strategies.hpp:18[m[K,
[5.564s]                  from [01m[K/opt/ros/humble/include/rclcpp/rclcpp/executor_options.hpp:20[m[K,
[5.564s]                  from [01m[K/opt/ros/humble/include/rclcpp/rclcpp/executor.hpp:37[m[K,
[5.564s]                  from [01m[K/opt/ros/humble/include/rclcpp/rclcpp/executors/multi_threaded_executor.hpp:25[m[K,
[5.564s]                  from [01m[K/opt/ros/humble/include/rclcpp/rclcpp/executors.hpp:21[m[K,
[5.564s]                  from [01m[K/opt/ros/humble/include/rclcpp/rclcpp/rclcpp.hpp:155[m[K,
[5.565s]                  from [01m[K/ros2-migration/arena/arena-rosnav/utils/misc/mapping/include/mapping/mapping.h:7[m[K,
[5.565s]                  from [01m[K/ros2-migration/arena/arena-rosnav/utils/misc/mapping/src/mapping.cpp:1[m[K:
[5.565s] [01m[K/opt/ros/humble/include/rclcpp/rclcpp/duration.hpp:48:3:[m[K [01;36m[Knote: [m[Kcandidate: â€˜[01m[Ktemplate<class Rep, class Period> rclcpp::Duration::Duration(const std::chrono::duration<_Rep1, _Period1>&)[m[Kâ€™
[5.565s]    48 |   [01;36m[KDuration[m[K(const std::chrono::duration<Rep, Period> & duration)  // NOLINT(runtime/explicit)
[5.565s]       |   [01;36m[K^~~~~~~~[m[K
[5.565s] [01m[K/opt/ros/humble/include/rclcpp/rclcpp/duration.hpp:48:3:[m[K [01;36m[Knote: [m[K  template argument deduction/substitution failed:
[5.565s] [01m[K/ros2-migration/arena/arena-rosnav/utils/misc/mapping/src/mapping.cpp:176:61:[m[K [01;36m[Knote: [m[K  mismatched types â€˜[01m[Kconst std::chrono::duration<_Rep1, _Period1>[m[Kâ€™ and â€˜[01m[Kdouble[m[Kâ€™
[5.565s]   176 |     vis_timer_ = public_nh.createTimer(rclcpp::Duration(0.05[01;36m[K)[m[K, &GridMap::visCallback, this);
[5.565s]       |                                                             [01;36m[K^[m[K
[5.565s] In file included from [01m[K/opt/ros/humble/include/rclcpp/rclcpp/qos.hpp:20[m[K,
[5.565s]                  from [01m[K/opt/ros/humble/include/rclcpp/rclcpp/node_interfaces/node_graph_interface.hpp:32[m[K,
[5.565s]                  from [01m[K/opt/ros/humble/include/rclcpp/rclcpp/client.hpp:42[m[K,
[5.565s]                  from [01m[K/opt/ros/humble/include/rclcpp/rclcpp/callback_group.hpp:24[m[K,
[5.566s]                  from [01m[K/opt/ros/humble/include/rclcpp/rclcpp/any_executable.hpp:20[m[K,
[5.566s]                  from [01m[K/opt/ros/humble/include/rclcpp/rclcpp/memory_strategy.hpp:25[m[K,
[5.566s]                  from [01m[K/opt/ros/humble/include/rclcpp/rclcpp/memory_strategies.hpp:18[m[K,
[5.566s]                  from [01m[K/opt/ros/humble/include/rclcpp/rclcpp/executor_options.hpp:20[m[K,
[5.566s]                  from [01m[K/opt/ros/humble/include/rclcpp/rclcpp/executor.hpp:37[m[K,
[5.566s]                  from [01m[K/opt/ros/humble/include/rclcpp/rclcpp/executors/multi_threaded_executor.hpp:25[m[K,
[5.566s]                  from [01m[K/opt/ros/humble/include/rclcpp/rclcpp/executors.hpp:21[m[K,
[5.566s]                  from [01m[K/opt/ros/humble/include/rclcpp/rclcpp/rclcpp.hpp:155[m[K,
[5.566s]                  from [01m[K/ros2-migration/arena/arena-rosnav/utils/misc/mapping/include/mapping/mapping.h:7[m[K,
[5.566s]                  from [01m[K/ros2-migration/arena/arena-rosnav/utils/misc/mapping/src/mapping.cpp:1[m[K:
[5.566s] [01m[K/opt/ros/humble/include/rclcpp/rclcpp/duration.hpp:151:3:[m[K [01;36m[Knote: [m[Kcandidate: â€˜[01m[Krclcpp::Duration::Duration()[m[Kâ€™
[5.566s]   151 |   [01;36m[KDuration[m[K() = default;
[5.566s]       |   [01;36m[K^~~~~~~~[m[K
[5.566s] [01m[K/opt/ros/humble/include/rclcpp/rclcpp/duration.hpp:151:3:[m[K [01;36m[Knote: [m[K  candidate expects 0 arguments, 1 provided
[5.566s] [01m[K/opt/ros/humble/include/rclcpp/rclcpp/duration.hpp:61:3:[m[K [01;36m[Knote: [m[Kcandidate: â€˜[01m[Krclcpp::Duration::Duration(const rclcpp::Duration&)[m[Kâ€™
[5.567s]    61 |   [01;36m[KDuration[m[K(const Duration & rhs);
[5.567s]       |   [01;36m[K^~~~~~~~[m[K
[5.567s] [01m[K/opt/ros/humble/include/rclcpp/rclcpp/duration.hpp:61:29:[m[K [01;36m[Knote: [m[K  no known conversion for argument 1 from â€˜[01m[Kdouble[m[Kâ€™ to â€˜[01m[Kconst rclcpp::Duration&[m[Kâ€™
[5.567s]    61 |   Duration([01;36m[Kconst Duration & rhs[m[K);
[5.567s]       |            [01;36m[K~~~~~~~~~~~~~~~~~^~~[m[K
[5.567s] [01m[K/opt/ros/humble/include/rclcpp/rclcpp/duration.hpp:59:12:[m[K [01;36m[Knote: [m[Kcandidate: â€˜[01m[Krclcpp::Duration::Duration(const rcl_duration_t&)[m[Kâ€™
[5.567s]    59 |   explicit [01;36m[KDuration[m[K(const rcl_duration_t & duration);
[5.567s]       |            [01;36m[K^~~~~~~~[m[K
[5.567s] [01m[K/opt/ros/humble/include/rclcpp/rclcpp/duration.hpp:59:44:[m[K [01;36m[Knote: [m[K  no known conversion for argument 1 from â€˜[01m[Kdouble[m[Kâ€™ to â€˜[01m[Kconst rcl_duration_t&[m[Kâ€™ {aka â€˜[01m[Kconst rcl_duration_s&[m[Kâ€™}
[5.567s]    59 |   explicit Duration([01;36m[Kconst rcl_duration_t & duration[m[K);
[5.567s]       |                     [01;36m[K~~~~~~~~~~~~~~~~~~~~~~~^~~~~~~~[m[K
[5.567s] [01m[K/opt/ros/humble/include/rclcpp/rclcpp/duration.hpp:53:3:[m[K [01;36m[Knote: [m[Kcandidate: â€˜[01m[Krclcpp::Duration::Duration(const Duration&)[m[Kâ€™
[5.567s]    53 |   [01;36m[KDuration[m[K(const builtin_interfaces::msg::Duration & duration_msg);  // NOLINT(runtime/explicit)
[5.567s]       |   [01;36m[K^~~~~~~~[m[K
[5.567s] [01m[K/opt/ros/humble/include/rclcpp/rclcpp/duration.hpp:53:54:[m[K [01;36m[Knote: [m[K  no known conversion for argument 1 from â€˜[01m[Kdouble[m[Kâ€™ to â€˜[01m[Kconst Duration&[m[Kâ€™ {aka â€˜[01m[Kconst builtin_interfaces::msg::Duration_<std::allocator<void> >&[m[Kâ€™}
[5.568s]    53 |   Duration([01;36m[Kconst builtin_interfaces::msg::Duration & duration_msg[m[K);  // NOLINT(runtime/explicit)
[5.568s]       |            [01;36m[K~~~~~~~~~~~~~~~~~~~~~~~~~~~~~~~~~~~~~~~~~~^~~~~~~~~~~~[m[K
[5.568s] [01m[K/opt/ros/humble/include/rclcpp/rclcpp/duration.hpp:42:12:[m[K [01;36m[Knote: [m[Kcandidate: â€˜[01m[Krclcpp::Duration::Duration(std::chrono::nanoseconds)[m[Kâ€™
[5.568s]    42 |   explicit [01;36m[KDuration[m[K(std::chrono::nanoseconds nanoseconds);
[5.568s]       |            [01;36m[K^~~~~~~~[m[K
[5.568s] [01m[K/opt/ros/humble/include/rclcpp/rclcpp/duration.hpp:42:46:[m[K [01;36m[Knote: [m[K  no known conversion for argument 1 from â€˜[01m[Kdouble[m[Kâ€™ to â€˜[01m[Kstd::chrono::nanoseconds[m[Kâ€™ {aka â€˜[01m[Kstd::chrono::duration<long int, std::ratio<1, 1000000000> >[m[Kâ€™}
[5.568s]    42 |   explicit Duration([01;36m[Kstd::chrono::nanoseconds nanoseconds[m[K);
[5.568s]       |                     [01;36m[K~~~~~~~~~~~~~~~~~~~~~~~~~^~~~~~~~~~~[m[K
[5.568s] [01m[K/opt/ros/humble/include/rclcpp/rclcpp/duration.hpp:39:3:[m[K [01;36m[Knote: [m[Kcandidate: â€˜[01m[Krclcpp::Duration::Duration(int32_t, uint32_t)[m[Kâ€™
[5.568s]    39 |   [01;36m[KDuration[m[K(int32_t seconds, uint32_t nanoseconds);
[5.568s]       |   [01;36m[K^~~~~~~~[m[K
[5.568s] [01m[K/opt/ros/humble/include/rclcpp/rclcpp/duration.hpp:39:3:[m[K [01;36m[Knote: [m[K  candidate expects 2 arguments, 1 provided
[5.571s] [01m[K/ros2-migration/arena/arena-rosnav/utils/misc/mapping/src/mapping.cpp:179:5:[m[K [01;31m[Kerror: [m[Kâ€˜[01m[Kmap_pub_[m[Kâ€™ was not declared in this scope
[5.571s]   179 |     [01;31m[Kmap_pub_[m[K = public_nh.advertise<sensor_msgs::msg::PointCloud2>("sdf_map/occupancy", 10);
[5.571s]       |     [01;31m[K^~~~~~~~[m[K
[5.571s] [01m[K/ros2-migration/arena/arena-rosnav/utils/misc/mapping/src/mapping.cpp:179:26:[m[K [01;31m[Kerror: [m[Kâ€˜[01m[Kclass rclcpp::Node[m[Kâ€™ has no member named â€˜[01m[Kadvertise[m[Kâ€™
[5.572s]   179 |     map_pub_ = public_nh.[01;31m[Kadvertise[m[K<sensor_msgs::msg::PointCloud2>("sdf_map/occupancy", 10);
[5.572s]       |                          [01;31m[K^~~~~~~~~[m[K
[5.572s] [01m[K/ros2-migration/arena/arena-rosnav/utils/misc/mapping/src/mapping.cpp:179:65:[m[K [01;31m[Kerror: [m[Kexpected primary-expression before â€˜[01m[K>[m[Kâ€™ token
[5.572s]   179 |     map_pub_ = public_nh.advertise<sensor_msgs::msg::PointCloud2[01;31m[K>[m[K("sdf_map/occupancy", 10);
[5.572s]       |                                                                 [01;31m[K^[m[K
[5.584s] [01m[K/ros2-migration/arena/arena-rosnav/utils/misc/mapping/src/mapping.cpp:180:5:[m[K [01;31m[Kerror: [m[Kâ€˜[01m[Kstatic_map_pub_[m[Kâ€™ was not declared in this scope; did you mean â€˜[01m[Kstatic_map_[m[Kâ€™?
[5.584s]   180 |     [01;31m[Kstatic_map_pub_[m[K= public_nh.advertise<sensor_msgs::msg::PointCloud2>("sdf_map/occupancy_static", 10);
[5.585s]       |     [01;31m[K^~~~~~~~~~~~~~~[m[K
[5.585s]       |     [32m[Kstatic_map_[m[K
[5.585s] [01m[K/ros2-migration/arena/arena-rosnav/utils/misc/mapping/src/mapping.cpp:180:32:[m[K [01;31m[Kerror: [m[Kâ€˜[01m[Kclass rclcpp::Node[m[Kâ€™ has no member named â€˜[01m[Kadvertise[m[Kâ€™
[5.585s]   180 |     static_map_pub_= public_nh.[01;31m[Kadvertise[m[K<sensor_msgs::msg::PointCloud2>("sdf_map/occupancy_static", 10);
[5.585s]       |                                [01;31m[K^~~~~~~~~[m[K
[5.585s] [01m[K/ros2-migration/arena/arena-rosnav/utils/misc/mapping/src/mapping.cpp:180:71:[m[K [01;31m[Kerror: [m[Kexpected primary-expression before â€˜[01m[K>[m[Kâ€™ token
[5.585s]   180 |     static_map_pub_= public_nh.advertise<sensor_msgs::msg::PointCloud2[01;31m[K>[m[K("sdf_map/occupancy_static", 10);
[5.585s]       |                                                                       [01;31m[K^[m[K
[5.603s] [01m[K/ros2-migration/arena/arena-rosnav/utils/misc/mapping/src/mapping.cpp:181:5:[m[K [01;31m[Kerror: [m[Kâ€˜[01m[Kdynamic_map_pub_[m[Kâ€™ was not declared in this scope
[5.604s]   181 |     [01;31m[Kdynamic_map_pub_[m[K= public_nh.advertise<sensor_msgs::msg::PointCloud2>("sdf_map/occupancy_dynamic", 10);
[5.604s]       |     [01;31m[K^~~~~~~~~~~~~~~~[m[K
[5.604s] [01m[K/ros2-migration/arena/arena-rosnav/utils/misc/mapping/src/mapping.cpp:181:33:[m[K [01;31m[Kerror: [m[Kâ€˜[01m[Kclass rclcpp::Node[m[Kâ€™ has no member named â€˜[01m[Kadvertise[m[Kâ€™
[5.604s]   181 |     dynamic_map_pub_= public_nh.[01;31m[Kadvertise[m[K<sensor_msgs::msg::PointCloud2>("sdf_map/occupancy_dynamic", 10);
[5.604s]       |                                 [01;31m[K^~~~~~~~~[m[K
[5.604s] [01m[K/ros2-migration/arena/arena-rosnav/utils/misc/mapping/src/mapping.cpp:181:72:[m[K [01;31m[Kerror: [m[Kexpected primary-expression before â€˜[01m[K>[m[Kâ€™ token
[5.604s]   181 |     dynamic_map_pub_= public_nh.advertise<sensor_msgs::msg::PointCloud2[01;31m[K>[m[K("sdf_map/occupancy_dynamic", 10);
[5.604s]       |                                                                        [01;31m[K^[m[K
[5.614s] [01m[K/ros2-migration/arena/arena-rosnav/utils/misc/mapping/src/mapping.cpp:185:5:[m[K [01;31m[Kerror: [m[Kâ€˜[01m[Kesdf_pub_[m[Kâ€™ was not declared in this scope
[5.614s]   185 |     [01;31m[Kesdf_pub_[m[K = public_nh.advertise<sensor_msgs::msg::PointCloud2>("sdf_map/esdf", 10);
[5.614s]       |     [01;31m[K^~~~~~~~~[m[K
[5.614s] [01m[K/ros2-migration/arena/arena-rosnav/utils/misc/mapping/src/mapping.cpp:185:27:[m[K [01;31m[Kerror: [m[Kâ€˜[01m[Kclass rclcpp::Node[m[Kâ€™ has no member named â€˜[01m[Kadvertise[m[Kâ€™
[5.614s]   185 |     esdf_pub_ = public_nh.[01;31m[Kadvertise[m[K<sensor_msgs::msg::PointCloud2>("sdf_map/esdf", 10);
[5.614s]       |                           [01;31m[K^~~~~~~~~[m[K
[5.614s] [01m[K/ros2-migration/arena/arena-rosnav/utils/misc/mapping/src/mapping.cpp:185:66:[m[K [01;31m[Kerror: [m[Kexpected primary-expression before â€˜[01m[K>[m[Kâ€™ token
[5.614s]   185 |     esdf_pub_ = public_nh.advertise<sensor_msgs::msg::PointCloud2[01;31m[K>[m[K("sdf_map/esdf", 10);
[5.614s]       |                                                                  [01;31m[K^[m[K
[5.633s] [01m[K/ros2-migration/arena/arena-rosnav/utils/misc/mapping/src/mapping.cpp:186:5:[m[K [01;31m[Kerror: [m[Kâ€˜[01m[Kesdf_static_pub_[m[Kâ€™ was not declared in this scope
[5.634s]   186 |     [01;31m[Kesdf_static_pub_[m[K = public_nh.advertise<sensor_msgs::msg::PointCloud2>("sdf_map/esdf_static", 10);
[5.634s]       |     [01;31m[K^~~~~~~~~~~~~~~~[m[K
[5.634s] [01m[K/ros2-migration/arena/arena-rosnav/utils/misc/mapping/src/mapping.cpp:186:34:[m[K [01;31m[Kerror: [m[Kâ€˜[01m[Kclass rclcpp::Node[m[Kâ€™ has no member named â€˜[01m[Kadvertise[m[Kâ€™
[5.634s]   186 |     esdf_static_pub_ = public_nh.[01;31m[Kadvertise[m[K<sensor_msgs::msg::PointCloud2>("sdf_map/esdf_static", 10);
[5.634s]       |                                  [01;31m[K^~~~~~~~~[m[K
[5.634s] [01m[K/ros2-migration/arena/arena-rosnav/utils/misc/mapping/src/mapping.cpp:186:73:[m[K [01;31m[Kerror: [m[Kexpected primary-expression before â€˜[01m[K>[m[Kâ€™ token
[5.634s]   186 |     esdf_static_pub_ = public_nh.advertise<sensor_msgs::msg::PointCloud2[01;31m[K>[m[K("sdf_map/esdf_static", 10);
[5.634s]       |                                                                         [01;31m[K^[m[K
[5.655s] [01m[K/ros2-migration/arena/arena-rosnav/utils/misc/mapping/src/mapping.cpp:187:5:[m[K [01;31m[Kerror: [m[Kâ€˜[01m[Kupdate_range_pub_[m[Kâ€™ was not declared in this scope
[5.655s]   187 |     [01;31m[Kupdate_range_pub_[m[K = public_nh.advertise<visualization_msgs::msg::Marker>("sdf_map/update_range", 10);
[5.655s]       |     [01;31m[K^~~~~~~~~~~~~~~~~[m[K
[5.655s] [01m[K/ros2-migration/arena/arena-rosnav/utils/misc/mapping/src/mapping.cpp:187:35:[m[K [01;31m[Kerror: [m[Kâ€˜[01m[Kclass rclcpp::Node[m[Kâ€™ has no member named â€˜[01m[Kadvertise[m[Kâ€™
[5.655s]   187 |     update_range_pub_ = public_nh.[01;31m[Kadvertise[m[K<visualization_msgs::msg::Marker>("sdf_map/update_range", 10);
[5.655s]       |                                   [01;31m[K^~~~~~~~~[m[K
[5.655s] [01m[K/ros2-migration/arena/arena-rosnav/utils/misc/mapping/src/mapping.cpp:187:76:[m[K [01;31m[Kerror: [m[Kexpected primary-expression before â€˜[01m[K>[m[Kâ€™ token
[5.655s]   187 |     update_range_pub_ = public_nh.advertise<visualization_msgs::msg::Marker[01;31m[K>[m[K("sdf_map/update_range", 10);
[5.655s]       |                                                                            [01;31m[K^[m[K
[5.669s] [01m[K/ros2-migration/arena/arena-rosnav/utils/misc/mapping/src/mapping.cpp:188:5:[m[K [01;31m[Kerror: [m[Kâ€˜[01m[Kunknown_pub_[m[Kâ€™ was not declared in this scope
[5.669s]   188 |     [01;31m[Kunknown_pub_[m[K = public_nh.advertise<sensor_msgs::msg::PointCloud2>("sdf_map/unknown", 10);
[5.669s]       |     [01;31m[K^~~~~~~~~~~~[m[K
[5.670s] [01m[K/ros2-migration/arena/arena-rosnav/utils/misc/mapping/src/mapping.cpp:188:30:[m[K [01;31m[Kerror: [m[Kâ€˜[01m[Kclass rclcpp::Node[m[Kâ€™ has no member named â€˜[01m[Kadvertise[m[Kâ€™
[5.670s]   188 |     unknown_pub_ = public_nh.[01;31m[Kadvertise[m[K<sensor_msgs::msg::PointCloud2>("sdf_map/unknown", 10);
[5.670s]       |                              [01;31m[K^~~~~~~~~[m[K
[5.670s] [01m[K/ros2-migration/arena/arena-rosnav/utils/misc/mapping/src/mapping.cpp:188:69:[m[K [01;31m[Kerror: [m[Kexpected primary-expression before â€˜[01m[K>[m[Kâ€™ token
[5.670s]   188 |     unknown_pub_ = public_nh.advertise<sensor_msgs::msg::PointCloud2[01;31m[K>[m[K("sdf_map/unknown", 10);
[5.670s]       |                                                                     [01;31m[K^[m[K
[5.681s] [01m[K/ros2-migration/arena/arena-rosnav/utils/misc/mapping/src/mapping.cpp:189:5:[m[K [01;31m[Kerror: [m[Kâ€˜[01m[Kdepth_pub_[m[Kâ€™ was not declared in this scope
[5.681s]   189 |     [01;31m[Kdepth_pub_[m[K = public_nh.advertise<sensor_msgs::msg::PointCloud2>("sdf_map/depth_cloud", 10);
[5.681s]       |     [01;31m[K^~~~~~~~~~[m[K
[5.681s] [01m[K/ros2-migration/arena/arena-rosnav/utils/misc/mapping/src/mapping.cpp:189:28:[m[K [01;31m[Kerror: [m[Kâ€˜[01m[Kclass rclcpp::Node[m[Kâ€™ has no member named â€˜[01m[Kadvertise[m[Kâ€™
[5.681s]   189 |     depth_pub_ = public_nh.[01;31m[Kadvertise[m[K<sensor_msgs::msg::PointCloud2>("sdf_map/depth_cloud", 10);
[5.681s]       |                            [01;31m[K^~~~~~~~~[m[K
[5.681s] [01m[K/ros2-migration/arena/arena-rosnav/utils/misc/mapping/src/mapping.cpp:189:67:[m[K [01;31m[Kerror: [m[Kexpected primary-expression before â€˜[01m[K>[m[Kâ€™ token
[5.681s]   189 |     depth_pub_ = public_nh.advertise<sensor_msgs::msg::PointCloud2[01;31m[K>[m[K("sdf_map/depth_cloud", 10);
[5.682s]       |                                                                   [01;31m[K^[m[K
[5.682s] [01m[K/ros2-migration/arena/arena-rosnav/utils/misc/mapping/src/mapping.cpp:[m[K In member function â€˜[01m[Kbool GridMap::get_static_map()[m[Kâ€™:
[5.682s] [01m[K/ros2-migration/arena/arena-rosnav/utils/misc/mapping/src/mapping.cpp:196:9:[m[K [01;31m[Kerror: [m[Kâ€˜[01m[Kstruct nav_msgs::srv::GetMap[m[Kâ€™ has no member named â€˜[01m[Krequest[m[Kâ€™; did you mean â€˜[01m[KRequest[m[Kâ€™?
[5.682s]   196 |     srv.[01;31m[Krequest[m[K={}; //std_srvs::srv::Empty::Request& request
[5.682s]       |         [01;31m[K^~~~~~~[m[K
[5.682s]       |         [32m[KRequest[m[K
[5.703s] [01m[K/ros2-migration/arena/arena-rosnav/utils/misc/mapping/src/mapping.cpp:198:9:[m[K [01;31m[Kerror: [m[Kâ€˜[01m[Kstatic_map_client_[m[Kâ€™ was not declared in this scope
[5.703s]   198 |     if ([01;31m[Kstatic_map_client_[m[K.call(srv))
[5.703s]       |         [01;31m[K^~~~~~~~~~~~~~~~~~[m[K
[5.703s] [01m[K/ros2-migration/arena/arena-rosnav/utils/misc/mapping/src/mapping.cpp:200:50:[m[K [01;31m[Kerror: [m[Kinvalid operands of types â€˜[01m[Kconst char [26][m[Kâ€™ and â€˜[01m[Kconst char [5][m[Kâ€™ to binary â€˜[01m[Koperator<<[m[Kâ€™
[5.703s]   200 |       ROS_INFO_STREAM([32m[K"Is stacic map available: "[m[K[01;31m[K<<[m[K[34m[K"True"[m[K);
[5.704s]       |                       [32m[K~~~~~~~~~~~~~~~~~~~~~~~~~~~[m[K[01;31m[K^~[m[K[34m[K~~~~~~[m[K
[5.704s]       |                       [32m[K|[m[K                            [34m[K|[m[K
[5.704s]       |                       [32m[Kconst char [26][m[K              [34m[Kconst char [5][m[K
[5.717s] [01m[K/ros2-migration/arena/arena-rosnav/utils/misc/mapping/src/mapping.cpp:200:7:[m[K [01;31m[Kerror: [m[Kâ€˜[01m[KROS_INFO_STREAM[m[Kâ€™ was not declared in this scope; did you mean â€˜[01m[KPCL_INFO_STREAM[m[Kâ€™?
[5.717s]   200 |       [01;31m[KROS_INFO_STREAM[m[K("Is stacic map available: "<<"True");
[5.717s]       |       [01;31m[K^~~~~~~~~~~~~~~[m[K
[5.717s]       |       [32m[KPCL_INFO_STREAM[m[K
[5.717s] [01m[K/ros2-migration/arena/arena-rosnav/utils/misc/mapping/src/mapping.cpp:202:23:[m[K [01;31m[Kerror: [m[Kâ€˜[01m[Kstruct nav_msgs::srv::GetMap[m[Kâ€™ has no member named â€˜[01m[Kresponse[m[Kâ€™; did you mean â€˜[01m[KResponse[m[Kâ€™?
[5.717s]   202 |       static_map_=srv.[01;31m[Kresponse[m[K.map;
[5.717s]       |                       [01;31m[K^~~~~~~~[m[K
[5.717s]       |                       [32m[KResponse[m[K
[5.717s] [01m[K/ros2-migration/arena/arena-rosnav/utils/misc/mapping/src/mapping.cpp:208:50:[m[K [01;31m[Kerror: [m[Kinvalid operands of types â€˜[01m[Kconst char [26][m[Kâ€™ and â€˜[01m[Kconst char [6][m[Kâ€™ to binary â€˜[01m[Koperator<<[m[Kâ€™
[5.717s]   208 |       ROS_INFO_STREAM([32m[K"Is stacic map available: "[m[K[01;31m[K<<[m[K[34m[K"False"[m[K);
[5.717s]       |                       [32m[K~~~~~~~~~~~~~~~~~~~~~~~~~~~[m[K[01;31m[K^~[m[K[34m[K~~~~~~~[m[K
[5.717s]       |                       [32m[K|[m[K                            [34m[K|[m[K
[5.718s]       |                       [32m[Kconst char [26][m[K              [34m[Kconst char [6][m[K
[5.730s] [01m[K/ros2-migration/arena/arena-rosnav/utils/misc/mapping/src/mapping.cpp:208:7:[m[K [01;31m[Kerror: [m[Kâ€˜[01m[KROS_INFO_STREAM[m[Kâ€™ was not declared in this scope; did you mean â€˜[01m[KPCL_INFO_STREAM[m[Kâ€™?
[5.730s]   208 |       [01;31m[KROS_INFO_STREAM[m[K("Is stacic map available: "<<"False");
[5.731s]       |       [01;31m[K^~~~~~~~~~~~~~~[m[K
[5.731s]       |       [32m[KPCL_INFO_STREAM[m[K
[5.750s] [01m[K/ros2-migration/arena/arena-rosnav/utils/misc/mapping/src/mapping.cpp:[m[K In member function â€˜[01m[Kvoid GridMap::scanOdomCallback(const ConstSharedPtr&, const ConstSharedPtr&)[m[Kâ€™:
[5.750s] [01m[K/ros2-migration/arena/arena-rosnav/utils/misc/mapping/src/mapping.cpp:393:19:[m[K [01;31m[Kerror: [m[Kâ€˜[01m[Kclass tf2_ros::TransformListener[m[Kâ€™ has no member named â€˜[01m[KwaitForTransform[m[Kâ€™
[5.750s]   393 |   if(!tfListener_.[01;31m[KwaitForTransform[m[K(
[5.751s]       |                   [01;31m[K^~~~~~~~~~~~~~~~[m[K
[5.751s] [01m[K/ros2-migration/arena/arena-rosnav/utils/misc/mapping/src/mapping.cpp:396:52:[m[K [01;31m[Kerror: [m[Kâ€˜[01m[Krclcpp::Duration::Duration()[m[Kâ€™ is private within this context
[5.751s]   396 |         laser_scan.header.stamp + rclcpp::Duration([01;31m[K)[m[K.fromSec(laser_scan.ranges.size()*laser_scan.time_increment),
[5.751s]       |                                                    [01;31m[K^[m[K
[5.751s] In file included from [01m[K/opt/ros/humble/include/rclcpp/rclcpp/qos.hpp:20[m[K,
[5.751s]                  from [01m[K/opt/ros/humble/include/rclcpp/rclcpp/node_interfaces/node_graph_interface.hpp:32[m[K,
[5.751s]                  from [01m[K/opt/ros/humble/include/rclcpp/rclcpp/client.hpp:42[m[K,
[5.752s]                  from [01m[K/opt/ros/humble/include/rclcpp/rclcpp/callback_group.hpp:24[m[K,
[5.752s]                  from [01m[K/opt/ros/humble/include/rclcpp/rclcpp/any_executable.hpp:20[m[K,
[5.752s]                  from [01m[K/opt/ros/humble/include/rclcpp/rclcpp/memory_strategy.hpp:25[m[K,
[5.752s]                  from [01m[K/opt/ros/humble/include/rclcpp/rclcpp/memory_strategies.hpp:18[m[K,
[5.752s]                  from [01m[K/opt/ros/humble/include/rclcpp/rclcpp/executor_options.hpp:20[m[K,
[5.752s]                  from [01m[K/opt/ros/humble/include/rclcpp/rclcpp/executor.hpp:37[m[K,
[5.752s]                  from [01m[K/opt/ros/humble/include/rclcpp/rclcpp/executors/multi_threaded_executor.hpp:25[m[K,
[5.752s]                  from [01m[K/opt/ros/humble/include/rclcpp/rclcpp/executors.hpp:21[m[K,
[5.752s]                  from [01m[K/opt/ros/humble/include/rclcpp/rclcpp/rclcpp.hpp:155[m[K,
[5.752s]                  from [01m[K/ros2-migration/arena/arena-rosnav/utils/misc/mapping/include/mapping/mapping.h:7[m[K,
[5.753s]                  from [01m[K/ros2-migration/arena/arena-rosnav/utils/misc/mapping/src/mapping.cpp:1[m[K:
[5.753s] [01m[K/opt/ros/humble/include/rclcpp/rclcpp/duration.hpp:151:3:[m[K [01;36m[Knote: [m[Kdeclared private here
[5.753s]   151 |   [01;36m[KDuration[m[K() = default;
[5.753s]       |   [01;36m[K^~~~~~~~[m[K
[5.753s] [01m[K/ros2-migration/arena/arena-rosnav/utils/misc/mapping/src/mapping.cpp:396:54:[m[K [01;31m[Kerror: [m[Kâ€˜[01m[Kclass rclcpp::Duration[m[Kâ€™ has no member named â€˜[01m[KfromSec[m[Kâ€™
[5.753s]   396 |         laser_scan.header.stamp + rclcpp::Duration().[01;31m[KfromSec[m[K(laser_scan.ranges.size()*laser_scan.time_increment),
[5.753s]       |                                                      [01;31m[K^~~~~~~[m[K
[5.753s] [01m[K/ros2-migration/arena/arena-rosnav/utils/misc/mapping/src/mapping.cpp:397:29:[m[K [01;31m[Kerror: [m[Kno matching function for call to â€˜[01m[Krclcpp::Duration::Duration(double)[m[Kâ€™
[5.753s]   397 |         rclcpp::Duration(1.0[01;31m[K)[m[K)){return;}
[5.753s]       |                             [01;31m[K^[m[K
[5.753s] In file included from [01m[K/opt/ros/humble/include/rclcpp/rclcpp/qos.hpp:20[m[K,
[5.753s]                  from [01m[K/opt/ros/humble/include/rclcpp/rclcpp/node_interfaces/node_graph_interface.hpp:32[m[K,
[5.753s]                  from [01m[K/opt/ros/humble/include/rclcpp/rclcpp/client.hpp:42[m[K,
[5.753s]                  from [01m[K/opt/ros/humble/include/rclcpp/rclcpp/callback_group.hpp:24[m[K,
[5.753s]                  from [01m[K/opt/ros/humble/include/rclcpp/rclcpp/any_executable.hpp:20[m[K,
[5.754s]                  from [01m[K/opt/ros/humble/include/rclcpp/rclcpp/memory_strategy.hpp:25[m[K,
[5.754s]                  from [01m[K/opt/ros/humble/include/rclcpp/rclcpp/memory_strategies.hpp:18[m[K,
[5.754s]                  from [01m[K/opt/ros/humble/include/rclcpp/rclcpp/executor_options.hpp:20[m[K,
[5.754s]                  from [01m[K/opt/ros/humble/include/rclcpp/rclcpp/executor.hpp:37[m[K,
[5.754s]                  from [01m[K/opt/ros/humble/include/rclcpp/rclcpp/executors/multi_threaded_executor.hpp:25[m[K,
[5.754s]                  from [01m[K/opt/ros/humble/include/rclcpp/rclcpp/executors.hpp:21[m[K,
[5.754s]                  from [01m[K/opt/ros/humble/include/rclcpp/rclcpp/rclcpp.hpp:155[m[K,
[5.754s]                  from [01m[K/ros2-migration/arena/arena-rosnav/utils/misc/mapping/include/mapping/mapping.h:7[m[K,
[5.754s]                  from [01m[K/ros2-migration/arena/arena-rosnav/utils/misc/mapping/src/mapping.cpp:1[m[K:
[5.754s] [01m[K/opt/ros/humble/include/rclcpp/rclcpp/duration.hpp:48:3:[m[K [01;36m[Knote: [m[Kcandidate: â€˜[01m[Ktemplate<class Rep, class Period> rclcpp::Duration::Duration(const std::chrono::duration<_Rep1, _Period1>&)[m[Kâ€™
[5.754s]    48 |   [01;36m[KDuration[m[K(const std::chrono::duration<Rep, Period> & duration)  // NOLINT(runtime/explicit)
[5.754s]       |   [01;36m[K^~~~~~~~[m[K
[5.754s] [01m[K/opt/ros/humble/include/rclcpp/rclcpp/duration.hpp:48:3:[m[K [01;36m[Knote: [m[K  template argument deduction/substitution failed:
[5.754s] [01m[K/ros2-migration/arena/arena-rosnav/utils/misc/mapping/src/mapping.cpp:397:29:[m[K [01;36m[Knote: [m[K  mismatched types â€˜[01m[Kconst std::chrono::duration<_Rep1, _Period1>[m[Kâ€™ and â€˜[01m[Kdouble[m[Kâ€™
[5.754s]   397 |         rclcpp::Duration(1.0[01;36m[K)[m[K)){return;}
[5.755s]       |                             [01;36m[K^[m[K
[5.755s] In file included from [01m[K/opt/ros/humble/include/rclcpp/rclcpp/qos.hpp:20[m[K,
[5.755s]                  from [01m[K/opt/ros/humble/include/rclcpp/rclcpp/node_interfaces/node_graph_interface.hpp:32[m[K,
[5.755s]                  from [01m[K/opt/ros/humble/include/rclcpp/rclcpp/client.hpp:42[m[K,
[5.755s]                  from [01m[K/opt/ros/humble/include/rclcpp/rclcpp/callback_group.hpp:24[m[K,
[5.755s]                  from [01m[K/opt/ros/humble/include/rclcpp/rclcpp/any_executable.hpp:20[m[K,
[5.755s]                  from [01m[K/opt/ros/humble/include/rclcpp/rclcpp/memory_strategy.hpp:25[m[K,
[5.755s]                  from [01m[K/opt/ros/humble/include/rclcpp/rclcpp/memory_strategies.hpp:18[m[K,
[5.755s]                  from [01m[K/opt/ros/humble/include/rclcpp/rclcpp/executor_options.hpp:20[m[K,
[5.755s]                  from [01m[K/opt/ros/humble/include/rclcpp/rclcpp/executor.hpp:37[m[K,
[5.755s]                  from [01m[K/opt/ros/humble/include/rclcpp/rclcpp/executors/multi_threaded_executor.hpp:25[m[K,
[5.755s]                  from [01m[K/opt/ros/humble/include/rclcpp/rclcpp/executors.hpp:21[m[K,
[5.755s]                  from [01m[K/opt/ros/humble/include/rclcpp/rclcpp/rclcpp.hpp:155[m[K,
[5.755s]                  from [01m[K/ros2-migration/arena/arena-rosnav/utils/misc/mapping/include/mapping/mapping.h:7[m[K,
[5.755s]                  from [01m[K/ros2-migration/arena/arena-rosnav/utils/misc/mapping/src/mapping.cpp:1[m[K:
[5.755s] [01m[K/opt/ros/humble/include/rclcpp/rclcpp/duration.hpp:151:3:[m[K [01;36m[Knote: [m[Kcandidate: â€˜[01m[Krclcpp::Duration::Duration()[m[Kâ€™
[5.756s]   151 |   [01;36m[KDuration[m[K() = default;
[5.756s]       |   [01;36m[K^~~~~~~~[m[K
[5.756s] [01m[K/opt/ros/humble/include/rclcpp/rclcpp/duration.hpp:151:3:[m[K [01;36m[Knote: [m[K  candidate expects 0 arguments, 1 provided
[5.756s] [01m[K/opt/ros/humble/include/rclcpp/rclcpp/duration.hpp:61:3:[m[K [01;36m[Knote: [m[Kcandidate: â€˜[01m[Krclcpp::Duration::Duration(const rclcpp::Duration&)[m[Kâ€™
[5.756s]    61 |   [01;36m[KDuration[m[K(const Duration & rhs);
[5.756s]       |   [01;36m[K^~~~~~~~[m[K
[5.756s] [01m[K/opt/ros/humble/include/rclcpp/rclcpp/duration.hpp:61:29:[m[K [01;36m[Knote: [m[K  no known conversion for argument 1 from â€˜[01m[Kdouble[m[Kâ€™ to â€˜[01m[Kconst rclcpp::Duration&[m[Kâ€™
[5.756s]    61 |   Duration([01;36m[Kconst Duration & rhs[m[K);
[5.756s]       |            [01;36m[K~~~~~~~~~~~~~~~~~^~~[m[K
[5.756s] [01m[K/opt/ros/humble/include/rclcpp/rclcpp/duration.hpp:59:12:[m[K [01;36m[Knote: [m[Kcandidate: â€˜[01m[Krclcpp::Duration::Duration(const rcl_duration_t&)[m[Kâ€™
[5.756s]    59 |   explicit [01;36m[KDuration[m[K(const rcl_duration_t & duration);
[5.756s]       |            [01;36m[K^~~~~~~~[m[K
[5.756s] [01m[K/opt/ros/humble/include/rclcpp/rclcpp/duration.hpp:59:44:[m[K [01;36m[Knote: [m[K  no known conversion for argument 1 from â€˜[01m[Kdouble[m[Kâ€™ to â€˜[01m[Kconst rcl_duration_t&[m[Kâ€™ {aka â€˜[01m[Kconst rcl_duration_s&[m[Kâ€™}
[5.756s]    59 |   explicit Duration([01;36m[Kconst rcl_duration_t & duration[m[K);
[5.756s]       |                     [01;36m[K~~~~~~~~~~~~~~~~~~~~~~~^~~~~~~~[m[K
[5.757s] [01m[K/opt/ros/humble/include/rclcpp/rclcpp/duration.hpp:53:3:[m[K [01;36m[Knote: [m[Kcandidate: â€˜[01m[Krclcpp::Duration::Duration(const Duration&)[m[Kâ€™
[5.757s]    53 |   [01;36m[KDuration[m[K(const builtin_interfaces::msg::Duration & duration_msg);  // NOLINT(runtime/explicit)
[5.757s]       |   [01;36m[K^~~~~~~~[m[K
[5.757s] [01m[K/opt/ros/humble/include/rclcpp/rclcpp/duration.hpp:53:54:[m[K [01;36m[Knote: [m[K  no known conversion for argument 1 from â€˜[01m[Kdouble[m[Kâ€™ to â€˜[01m[Kconst Duration&[m[Kâ€™ {aka â€˜[01m[Kconst builtin_interfaces::msg::Duration_<std::allocator<void> >&[m[Kâ€™}
[5.757s]    53 |   Duration([01;36m[Kconst builtin_interfaces::msg::Duration & duration_msg[m[K);  // NOLINT(runtime/explicit)
[5.757s]       |            [01;36m[K~~~~~~~~~~~~~~~~~~~~~~~~~~~~~~~~~~~~~~~~~~^~~~~~~~~~~~[m[K
[5.757s] [01m[K/opt/ros/humble/include/rclcpp/rclcpp/duration.hpp:42:12:[m[K [01;36m[Knote: [m[Kcandidate: â€˜[01m[Krclcpp::Duration::Duration(std::chrono::nanoseconds)[m[Kâ€™
[5.757s]    42 |   explicit [01;36m[KDuration[m[K(std::chrono::nanoseconds nanoseconds);
[5.757s]       |            [01;36m[K^~~~~~~~[m[K
[5.757s] [01m[K/opt/ros/humble/include/rclcpp/rclcpp/duration.hpp:42:46:[m[K [01;36m[Knote: [m[K  no known conversion for argument 1 from â€˜[01m[Kdouble[m[Kâ€™ to â€˜[01m[Kstd::chrono::nanoseconds[m[Kâ€™ {aka â€˜[01m[Kstd::chrono::duration<long int, std::ratio<1, 1000000000> >[m[Kâ€™}
[5.757s]    42 |   explicit Duration([01;36m[Kstd::chrono::nanoseconds nanoseconds[m[K);
[5.757s]       |                     [01;36m[K~~~~~~~~~~~~~~~~~~~~~~~~~^~~~~~~~~~~[m[K
[5.757s] [01m[K/opt/ros/humble/include/rclcpp/rclcpp/duration.hpp:39:3:[m[K [01;36m[Knote: [m[Kcandidate: â€˜[01m[Krclcpp::Duration::Duration(int32_t, uint32_t)[m[Kâ€™
[5.757s]    39 |   [01;36m[KDuration[m[K(int32_t seconds, uint32_t nanoseconds);
[5.757s]       |   [01;36m[K^~~~~~~~[m[K
[5.758s] [01m[K/opt/ros/humble/include/rclcpp/rclcpp/duration.hpp:39:3:[m[K [01;36m[Knote: [m[K  candidate expects 2 arguments, 1 provided
[5.758s] [01m[K/ros2-migration/arena/arena-rosnav/utils/misc/mapping/src/mapping.cpp:401:79:[m[K [01;31m[Kerror: [m[Kcannot convert â€˜[01m[Ktf2_ros::TransformListener[m[Kâ€™ to â€˜[01m[Ktf2::BufferCore&[m[Kâ€™
[5.758s]   401 |   projector_.transformLaserScanToPointCloud(mp_.frame_id_, laser_scan, cloud, [01;31m[KtfListener_[m[K);  //projector_.projectLaser(laser_scan, cloud);
[5.758s]       |                                                                               [01;31m[K^~~~~~~~~~~[m[K
[5.758s]       |                                                                               [01;31m[K|[m[K
[5.758s]       |                                                                               [01;31m[Ktf2_ros::TransformListener[m[K
[5.758s] In file included from [01m[K/ros2-migration/arena/arena-rosnav/utils/misc/mapping/include/mapping/mapping.h:27[m[K,
[5.758s]                  from [01m[K/ros2-migration/arena/arena-rosnav/utils/misc/mapping/src/mapping.cpp:1[m[K:
[5.758s] [01m[K/opt/ros/humble/include/laser_geometry/laser_geometry/laser_geometry.hpp:158:23:[m[K [01;36m[Knote: [m[K  initializing argument 4 of â€˜[01m[Kvoid laser_geometry::LaserProjection::transformLaserScanToPointCloud(const string&, const LaserScan&, sensor_msgs::msg::PointCloud2&, tf2::BufferCore&, double, int)[m[Kâ€™
[5.758s]   158 |     [01;36m[Ktf2::BufferCore & tf[m[K,
[5.758s]       |     [01;36m[K~~~~~~~~~~~~~~~~~~^~[m[K
[5.758s] [01m[K/ros2-migration/arena/arena-rosnav/utils/misc/mapping/src/mapping.cpp:[m[K In member function â€˜[01m[Kvoid GridMap::scanCallback(const ConstSharedPtr&)[m[Kâ€™:
[5.758s] [01m[K/ros2-migration/arena/arena-rosnav/utils/misc/mapping/src/mapping.cpp:456:19:[m[K [01;31m[Kerror: [m[Kâ€˜[01m[Kclass tf2_ros::TransformListener[m[Kâ€™ has no member named â€˜[01m[KwaitForTransform[m[Kâ€™
[5.758s]   456 |   if(!tfListener_.[01;31m[KwaitForTransform[m[K(
[5.758s]       |                   [01;31m[K^~~~~~~~~~~~~~~~[m[K
[5.759s] [01m[K/ros2-migration/arena/arena-rosnav/utils/misc/mapping/src/mapping.cpp:459:52:[m[K [01;31m[Kerror: [m[Kâ€˜[01m[Krclcpp::Duration::Duration()[m[Kâ€™ is private within this context
[5.759s]   459 |         laser_scan.header.stamp + rclcpp::Duration([01;31m[K)[m[K.fromSec(laser_scan.ranges.size()*laser_scan.time_increment),
[5.759s]       |                                                    [01;31m[K^[m[K
[5.759s] In file included from [01m[K/opt/ros/humble/include/rclcpp/rclcpp/qos.hpp:20[m[K,
[5.759s]                  from [01m[K/opt/ros/humble/include/rclcpp/rclcpp/node_interfaces/node_graph_interface.hpp:32[m[K,
[5.759s]                  from [01m[K/opt/ros/humble/include/rclcpp/rclcpp/client.hpp:42[m[K,
[5.759s]                  from [01m[K/opt/ros/humble/include/rclcpp/rclcpp/callback_group.hpp:24[m[K,
[5.759s]                  from [01m[K/opt/ros/humble/include/rclcpp/rclcpp/any_executable.hpp:20[m[K,
[5.759s]                  from [01m[K/opt/ros/humble/include/rclcpp/rclcpp/memory_strategy.hpp:25[m[K,
[5.759s]                  from [01m[K/opt/ros/humble/include/rclcpp/rclcpp/memory_strategies.hpp:18[m[K,
[5.759s]                  from [01m[K/opt/ros/humble/include/rclcpp/rclcpp/executor_options.hpp:20[m[K,
[5.759s]                  from [01m[K/opt/ros/humble/include/rclcpp/rclcpp/executor.hpp:37[m[K,
[5.759s]                  from [01m[K/opt/ros/humble/include/rclcpp/rclcpp/executors/multi_threaded_executor.hpp:25[m[K,
[5.759s]                  from [01m[K/opt/ros/humble/include/rclcpp/rclcpp/executors.hpp:21[m[K,
[5.759s]                  from [01m[K/opt/ros/humble/include/rclcpp/rclcpp/rclcpp.hpp:155[m[K,
[5.759s]                  from [01m[K/ros2-migration/arena/arena-rosnav/utils/misc/mapping/include/mapping/mapping.h:7[m[K,
[5.760s]                  from [01m[K/ros2-migration/arena/arena-rosnav/utils/misc/mapping/src/mapping.cpp:1[m[K:
[5.760s] [01m[K/opt/ros/humble/include/rclcpp/rclcpp/duration.hpp:151:3:[m[K [01;36m[Knote: [m[Kdeclared private here
[5.760s]   151 |   [01;36m[KDuration[m[K() = default;
[5.760s]       |   [01;36m[K^~~~~~~~[m[K
[5.760s] [01m[K/ros2-migration/arena/arena-rosnav/utils/misc/mapping/src/mapping.cpp:459:54:[m[K [01;31m[Kerror: [m[Kâ€˜[01m[Kclass rclcpp::Duration[m[Kâ€™ has no member named â€˜[01m[KfromSec[m[Kâ€™
[5.760s]   459 |         laser_scan.header.stamp + rclcpp::Duration().[01;31m[KfromSec[m[K(laser_scan.ranges.size()*laser_scan.time_increment),
[5.760s]       |                                                      [01;31m[K^~~~~~~[m[K
[5.760s] [01m[K/ros2-migration/arena/arena-rosnav/utils/misc/mapping/src/mapping.cpp:460:29:[m[K [01;31m[Kerror: [m[Kno matching function for call to â€˜[01m[Krclcpp::Duration::Duration(double)[m[Kâ€™
[5.760s]   460 |         rclcpp::Duration(1.0[01;31m[K)[m[K)){return;}
[5.760s]       |                             [01;31m[K^[m[K
[5.760s] In file included from [01m[K/opt/ros/humble/include/rclcpp/rclcpp/qos.hpp:20[m[K,
[5.760s]                  from [01m[K/opt/ros/humble/include/rclcpp/rclcpp/node_interfaces/node_graph_interface.hpp:32[m[K,
[5.760s]                  from [01m[K/opt/ros/humble/include/rclcpp/rclcpp/client.hpp:42[m[K,
[5.760s]                  from [01m[K/opt/ros/humble/include/rclcpp/rclcpp/callback_group.hpp:24[m[K,
[5.760s]                  from [01m[K/opt/ros/humble/include/rclcpp/rclcpp/any_executable.hpp:20[m[K,
[5.761s]                  from [01m[K/opt/ros/humble/include/rclcpp/rclcpp/memory_strategy.hpp:25[m[K,
[5.761s]                  from [01m[K/opt/ros/humble/include/rclcpp/rclcpp/memory_strategies.hpp:18[m[K,
[5.761s]                  from [01m[K/opt/ros/humble/include/rclcpp/rclcpp/executor_options.hpp:20[m[K,
[5.761s]                  from [01m[K/opt/ros/humble/include/rclcpp/rclcpp/executor.hpp:37[m[K,
[5.761s]                  from [01m[K/opt/ros/humble/include/rclcpp/rclcpp/executors/multi_threaded_executor.hpp:25[m[K,
[5.761s]                  from [01m[K/opt/ros/humble/include/rclcpp/rclcpp/executors.hpp:21[m[K,
[5.761s]                  from [01m[K/opt/ros/humble/include/rclcpp/rclcpp/rclcpp.hpp:155[m[K,
[5.761s]                  from [01m[K/ros2-migration/arena/arena-rosnav/utils/misc/mapping/include/mapping/mapping.h:7[m[K,
[5.761s]                  from [01m[K/ros2-migration/arena/arena-rosnav/utils/misc/mapping/src/mapping.cpp:1[m[K:
[5.761s] [01m[K/opt/ros/humble/include/rclcpp/rclcpp/duration.hpp:48:3:[m[K [01;36m[Knote: [m[Kcandidate: â€˜[01m[Ktemplate<class Rep, class Period> rclcpp::Duration::Duration(const std::chrono::duration<_Rep1, _Period1>&)[m[Kâ€™
[5.761s]    48 |   [01;36m[KDuration[m[K(const std::chrono::duration<Rep, Period> & duration)  // NOLINT(runtime/explicit)
[5.761s]       |   [01;36m[K^~~~~~~~[m[K
[5.761s] [01m[K/opt/ros/humble/include/rclcpp/rclcpp/duration.hpp:48:3:[m[K [01;36m[Knote: [m[K  template argument deduction/substitution failed:
[5.761s] [01m[K/ros2-migration/arena/arena-rosnav/utils/misc/mapping/src/mapping.cpp:460:29:[m[K [01;36m[Knote: [m[K  mismatched types â€˜[01m[Kconst std::chrono::duration<_Rep1, _Period1>[m[Kâ€™ and â€˜[01m[Kdouble[m[Kâ€™
[5.761s]   460 |         rclcpp::Duration(1.0[01;36m[K)[m[K)){return;}
[5.762s]       |                             [01;36m[K^[m[K
[5.762s] In file included from [01m[K/opt/ros/humble/include/rclcpp/rclcpp/qos.hpp:20[m[K,
[5.762s]                  from [01m[K/opt/ros/humble/include/rclcpp/rclcpp/node_interfaces/node_graph_interface.hpp:32[m[K,
[5.762s]                  from [01m[K/opt/ros/humble/include/rclcpp/rclcpp/client.hpp:42[m[K,
[5.762s]                  from [01m[K/opt/ros/humble/include/rclcpp/rclcpp/callback_group.hpp:24[m[K,
[5.762s]                  from [01m[K/opt/ros/humble/include/rclcpp/rclcpp/any_executable.hpp:20[m[K,
[5.762s]                  from [01m[K/opt/ros/humble/include/rclcpp/rclcpp/memory_strategy.hpp:25[m[K,
[5.762s]                  from [01m[K/opt/ros/humble/include/rclcpp/rclcpp/memory_strategies.hpp:18[m[K,
[5.762s]                  from [01m[K/opt/ros/humble/include/rclcpp/rclcpp/executor_options.hpp:20[m[K,
[5.762s]                  from [01m[K/opt/ros/humble/include/rclcpp/rclcpp/executor.hpp:37[m[K,
[5.762s]                  from [01m[K/opt/ros/humble/include/rclcpp/rclcpp/executors/multi_threaded_executor.hpp:25[m[K,
[5.762s]                  from [01m[K/opt/ros/humble/include/rclcpp/rclcpp/executors.hpp:21[m[K,
[5.762s]                  from [01m[K/opt/ros/humble/include/rclcpp/rclcpp/rclcpp.hpp:155[m[K,
[5.762s]                  from [01m[K/ros2-migration/arena/arena-rosnav/utils/misc/mapping/include/mapping/mapping.h:7[m[K,
[5.762s]                  from [01m[K/ros2-migration/arena/arena-rosnav/utils/misc/mapping/src/mapping.cpp:1[m[K:
[5.762s] [01m[K/opt/ros/humble/include/rclcpp/rclcpp/duration.hpp:151:3:[m[K [01;36m[Knote: [m[Kcandidate: â€˜[01m[Krclcpp::Duration::Duration()[m[Kâ€™
[5.763s]   151 |   [01;36m[KDuration[m[K() = default;
[5.763s]       |   [01;36m[K^~~~~~~~[m[K
[5.763s] [01m[K/opt/ros/humble/include/rclcpp/rclcpp/duration.hpp:151:3:[m[K [01;36m[Knote: [m[K  candidate expects 0 arguments, 1 provided
[5.763s] [01m[K/opt/ros/humble/include/rclcpp/rclcpp/duration.hpp:61:3:[m[K [01;36m[Knote: [m[Kcandidate: â€˜[01m[Krclcpp::Duration::Duration(const rclcpp::Duration&)[m[Kâ€™
[5.763s]    61 |   [01;36m[KDuration[m[K(const Duration & rhs);
[5.763s]       |   [01;36m[K^~~~~~~~[m[K
[5.763s] [01m[K/opt/ros/humble/include/rclcpp/rclcpp/duration.hpp:61:29:[m[K [01;36m[Knote: [m[K  no known conversion for argument 1 from â€˜[01m[Kdouble[m[Kâ€™ to â€˜[01m[Kconst rclcpp::Duration&[m[Kâ€™
[5.763s]    61 |   Duration([01;36m[Kconst Duration & rhs[m[K);
[5.763s]       |            [01;36m[K~~~~~~~~~~~~~~~~~^~~[m[K
[5.763s] [01m[K/opt/ros/humble/include/rclcpp/rclcpp/duration.hpp:59:12:[m[K [01;36m[Knote: [m[Kcandidate: â€˜[01m[Krclcpp::Duration::Duration(const rcl_duration_t&)[m[Kâ€™
[5.763s]    59 |   explicit [01;36m[KDuration[m[K(const rcl_duration_t & duration);
[5.763s]       |            [01;36m[K^~~~~~~~[m[K
[5.763s] [01m[K/opt/ros/humble/include/rclcpp/rclcpp/duration.hpp:59:44:[m[K [01;36m[Knote: [m[K  no known conversion for argument 1 from â€˜[01m[Kdouble[m[Kâ€™ to â€˜[01m[Kconst rcl_duration_t&[m[Kâ€™ {aka â€˜[01m[Kconst rcl_duration_s&[m[Kâ€™}
[5.763s]    59 |   explicit Duration([01;36m[Kconst rcl_duration_t & duration[m[K);
[5.763s]       |                     [01;36m[K~~~~~~~~~~~~~~~~~~~~~~~^~~~~~~~[m[K
[5.764s] [01m[K/opt/ros/humble/include/rclcpp/rclcpp/duration.hpp:53:3:[m[K [01;36m[Knote: [m[Kcandidate: â€˜[01m[Krclcpp::Duration::Duration(const Duration&)[m[Kâ€™
[5.764s]    53 |   [01;36m[KDuration[m[K(const builtin_interfaces::msg::Duration & duration_msg);  // NOLINT(runtime/explicit)
[5.764s]       |   [01;36m[K^~~~~~~~[m[K
[5.764s] [01m[K/opt/ros/humble/include/rclcpp/rclcpp/duration.hpp:53:54:[m[K [01;36m[Knote: [m[K  no known conversion for argument 1 from â€˜[01m[Kdouble[m[Kâ€™ to â€˜[01m[Kconst Duration&[m[Kâ€™ {aka â€˜[01m[Kconst builtin_interfaces::msg::Duration_<std::allocator<void> >&[m[Kâ€™}
[5.764s]    53 |   Duration([01;36m[Kconst builtin_interfaces::msg::Duration & duration_msg[m[K);  // NOLINT(runtime/explicit)
[5.764s]       |            [01;36m[K~~~~~~~~~~~~~~~~~~~~~~~~~~~~~~~~~~~~~~~~~~^~~~~~~~~~~~[m[K
[5.764s] [01m[K/opt/ros/humble/include/rclcpp/rclcpp/duration.hpp:42:12:[m[K [01;36m[Knote: [m[Kcandidate: â€˜[01m[Krclcpp::Duration::Duration(std::chrono::nanoseconds)[m[Kâ€™
[5.764s]    42 |   explicit [01;36m[KDuration[m[K(std::chrono::nanoseconds nanoseconds);
[5.764s]       |            [01;36m[K^~~~~~~~[m[K
[5.764s] [01m[K/opt/ros/humble/include/rclcpp/rclcpp/duration.hpp:42:46:[m[K [01;36m[Knote: [m[K  no known conversion for argument 1 from â€˜[01m[Kdouble[m[Kâ€™ to â€˜[01m[Kstd::chrono::nanoseconds[m[Kâ€™ {aka â€˜[01m[Kstd::chrono::duration<long int, std::ratio<1, 1000000000> >[m[Kâ€™}
[5.764s]    42 |   explicit Duration([01;36m[Kstd::chrono::nanoseconds nanoseconds[m[K);
[5.764s]       |                     [01;36m[K~~~~~~~~~~~~~~~~~~~~~~~~~^~~~~~~~~~~[m[K
[5.764s] [01m[K/opt/ros/humble/include/rclcpp/rclcpp/duration.hpp:39:3:[m[K [01;36m[Knote: [m[Kcandidate: â€˜[01m[Krclcpp::Duration::Duration(int32_t, uint32_t)[m[Kâ€™
[5.765s]    39 |   [01;36m[KDuration[m[K(int32_t seconds, uint32_t nanoseconds);
[5.765s]       |   [01;36m[K^~~~~~~~[m[K
[5.765s] [01m[K/opt/ros/humble/include/rclcpp/rclcpp/duration.hpp:39:3:[m[K [01;36m[Knote: [m[K  candidate expects 2 arguments, 1 provided
[5.765s] [01m[K/ros2-migration/arena/arena-rosnav/utils/misc/mapping/src/mapping.cpp:464:84:[m[K [01;31m[Kerror: [m[Kcannot convert â€˜[01m[Ktf2_ros::TransformListener[m[Kâ€™ to â€˜[01m[Ktf2::BufferCore&[m[Kâ€™
[5.765s]   464 |   projector_.transformLaserScanToPointCloud(mp_.frame_id_, laser_scan, scan_cloud, [01;31m[KtfListener_[m[K);
[5.765s]       |                                                                                    [01;31m[K^~~~~~~~~~~[m[K
[5.765s]       |                                                                                    [01;31m[K|[m[K
[5.765s]       |                                                                                    [01;31m[Ktf2_ros::TransformListener[m[K
[5.765s] In file included from [01m[K/ros2-migration/arena/arena-rosnav/utils/misc/mapping/include/mapping/mapping.h:27[m[K,
[5.765s]                  from [01m[K/ros2-migration/arena/arena-rosnav/utils/misc/mapping/src/mapping.cpp:1[m[K:
[5.765s] [01m[K/opt/ros/humble/include/laser_geometry/laser_geometry/laser_geometry.hpp:158:23:[m[K [01;36m[Knote: [m[K  initializing argument 4 of â€˜[01m[Kvoid laser_geometry::LaserProjection::transformLaserScanToPointCloud(const string&, const LaserScan&, sensor_msgs::msg::PointCloud2&, tf2::BufferCore&, double, int)[m[Kâ€™
[5.765s]   158 |     [01;36m[Ktf2::BufferCore & tf[m[K,
[5.766s]       |     [01;36m[K~~~~~~~~~~~~~~~~~~^~[m[K
[5.766s] [01m[K/ros2-migration/arena/arena-rosnav/utils/misc/mapping/src/mapping.cpp:[m[K At global scope:
[5.766s] [01m[K/ros2-migration/arena/arena-rosnav/utils/misc/mapping/src/mapping.cpp:586:53:[m[K [01;31m[Kerror: [m[Kâ€˜[01m[KTimerEvent[m[Kâ€™ in namespace â€˜[01m[Krclcpp[m[Kâ€™ does not name a type
[5.766s]   586 | void GridMap::updateOccupancyCallback(const rclcpp::[01;31m[KTimerEvent[m[K& /*event*/) {
[5.766s]       |                                                     [01;31m[K^~~~~~~~~~[m[K
[5.766s] [01m[K/ros2-migration/arena/arena-rosnav/utils/misc/mapping/src/mapping.cpp:[m[K In member function â€˜[01m[Kvoid GridMap::updateOccupancyCallback(const int&)[m[Kâ€™:
[5.766s] [01m[K/ros2-migration/arena/arena-rosnav/utils/misc/mapping/src/mapping.cpp:594:3:[m[K [01;31m[Kerror: [m[Kâ€˜[01m[Kros[m[Kâ€™ has not been declared
[5.766s]   594 |   [01;31m[Kros[m[K::WallTime t1, t2;
[5.766s]       |   [01;31m[K^~~[m[K
[5.772s] [01m[K/ros2-migration/arena/arena-rosnav/utils/misc/mapping/src/mapping.cpp:595:3:[m[K [01;31m[Kerror: [m[Kâ€˜[01m[Kt1[m[Kâ€™ was not declared in this scope; did you mean â€˜[01m[Ky1[m[Kâ€™?
[5.772s]   595 |   [01;31m[Kt1[m[K = ros::WallTime::now();
[5.772s]       |   [01;31m[K^~[m[K
[5.772s]       |   [32m[Ky1[m[K
[5.772s] [01m[K/ros2-migration/arena/arena-rosnav/utils/misc/mapping/src/mapping.cpp:595:8:[m[K [01;31m[Kerror: [m[Kâ€˜[01m[Kros[m[Kâ€™ has not been declared
[5.772s]   595 |   t1 = [01;31m[Kros[m[K::WallTime::now();
[5.772s]       |        [01;31m[K^~~[m[K
[5.777s] [01m[K/ros2-migration/arena/arena-rosnav/utils/misc/mapping/src/mapping.cpp:603:3:[m[K [01;31m[Kerror: [m[Kâ€˜[01m[Kt2[m[Kâ€™ was not declared in this scope; did you mean â€˜[01m[Ktm[m[Kâ€™?
[5.777s]   603 |   [01;31m[Kt2[m[K = ros::WallTime::now();
[5.777s]       |   [01;31m[K^~[m[K
[5.777s]       |   [32m[Ktm[m[K
[5.777s] [01m[K/ros2-migration/arena/arena-rosnav/utils/misc/mapping/src/mapping.cpp:603:8:[m[K [01;31m[Kerror: [m[Kâ€˜[01m[Kros[m[Kâ€™ has not been declared
[5.777s]   603 |   t2 = [01;31m[Kros[m[K::WallTime::now();
[5.778s]       |        [01;31m[K^~~[m[K
[5.888s] [01m[K/ros2-migration/arena/arena-rosnav/utils/misc/mapping/src/mapping.cpp:[m[K At global scope:
[5.888s] [01m[K/ros2-migration/arena/arena-rosnav/utils/misc/mapping/src/mapping.cpp:968:48:[m[K [01;31m[Kerror: [m[Kâ€˜[01m[KTimerEvent[m[Kâ€™ in namespace â€˜[01m[Krclcpp[m[Kâ€™ does not name a type
[5.888s]   968 | void GridMap::updateESDFCallback(const rclcpp::[01;31m[KTimerEvent[m[K& /*event*/) {
[5.888s]       |                                                [01;31m[K^~~~~~~~~~[m[K
[5.888s] [01m[K/ros2-migration/arena/arena-rosnav/utils/misc/mapping/src/mapping.cpp:[m[K In member function â€˜[01m[Kvoid GridMap::updateESDFCallback(const int&)[m[Kâ€™:
[5.888s] [01m[K/ros2-migration/arena/arena-rosnav/utils/misc/mapping/src/mapping.cpp:973:3:[m[K [01;31m[Kerror: [m[Kâ€˜[01m[Kros[m[Kâ€™ has not been declared
[5.888s]   973 |   [01;31m[Kros[m[K::WallTime t1, t2;
[5.888s]       |   [01;31m[K^~~[m[K
[5.894s] [01m[K/ros2-migration/arena/arena-rosnav/utils/misc/mapping/src/mapping.cpp:974:3:[m[K [01;31m[Kerror: [m[Kâ€˜[01m[Kt1[m[Kâ€™ was not declared in this scope; did you mean â€˜[01m[Ky1[m[Kâ€™?
[5.894s]   974 |   [01;31m[Kt1[m[K = ros::WallTime::now();
[5.894s]       |   [01;31m[K^~[m[K
[5.894s]       |   [32m[Ky1[m[K
[5.894s] [01m[K/ros2-migration/arena/arena-rosnav/utils/misc/mapping/src/mapping.cpp:974:8:[m[K [01;31m[Kerror: [m[Kâ€˜[01m[Kros[m[Kâ€™ has not been declared
[5.894s]   974 |   t1 = [01;31m[Kros[m[K::WallTime::now();
[5.894s]       |        [01;31m[K^~~[m[K
[5.899s] [01m[K/ros2-migration/arena/arena-rosnav/utils/misc/mapping/src/mapping.cpp:978:3:[m[K [01;31m[Kerror: [m[Kâ€˜[01m[Kt2[m[Kâ€™ was not declared in this scope; did you mean â€˜[01m[Ktm[m[Kâ€™?
[5.899s]   978 |   [01;31m[Kt2[m[K = ros::WallTime::now();
[5.900s]       |   [01;31m[K^~[m[K
[5.900s]       |   [32m[Ktm[m[K
[5.900s] [01m[K/ros2-migration/arena/arena-rosnav/utils/misc/mapping/src/mapping.cpp:978:8:[m[K [01;31m[Kerror: [m[Kâ€˜[01m[Kros[m[Kâ€™ has not been declared
[5.900s]   978 |   t2 = [01;31m[Kros[m[K::WallTime::now();
[5.900s]       |        [01;31m[K^~~[m[K
[5.949s] [01m[K/ros2-migration/arena/arena-rosnav/utils/misc/mapping/src/mapping.cpp:[m[K In member function â€˜[01m[Kvoid GridMap::publishMap()[m[Kâ€™:
[5.949s] [01m[K/ros2-migration/arena/arena-rosnav/utils/misc/mapping/src/mapping.cpp:1217:3:[m[K [01;31m[Kerror: [m[Kâ€˜[01m[Kmap_pub_[m[Kâ€™ was not declared in this scope
[5.949s]  1217 |   [01;31m[Kmap_pub_[m[K.publish(cloud_msg);
[5.949s]       |   [01;31m[K^~~~~~~~[m[K
[5.963s] [01m[K/ros2-migration/arena/arena-rosnav/utils/misc/mapping/src/mapping.cpp:[m[K In member function â€˜[01m[Kvoid GridMap::publishStaticMap()[m[Kâ€™:
[5.963s] [01m[K/ros2-migration/arena/arena-rosnav/utils/misc/mapping/src/mapping.cpp:1248:3:[m[K [01;31m[Kerror: [m[Kâ€˜[01m[Kstatic_map_pub_[m[Kâ€™ was not declared in this scope; did you mean â€˜[01m[Kstatic_map_[m[Kâ€™?
[5.963s]  1248 |   [01;31m[Kstatic_map_pub_[m[K.publish(cloud_msg);
[5.963s]       |   [01;31m[K^~~~~~~~~~~~~~~[m[K
[5.964s]       |   [32m[Kstatic_map_[m[K
[5.984s] [01m[K/ros2-migration/arena/arena-rosnav/utils/misc/mapping/src/mapping.cpp:[m[K In member function â€˜[01m[Kvoid GridMap::publishDynamicMap()[m[Kâ€™:
[5.984s] [01m[K/ros2-migration/arena/arena-rosnav/utils/misc/mapping/src/mapping.cpp:1278:5:[m[K [01;31m[Kerror: [m[Kâ€˜[01m[Kdynamic_map_pub_[m[Kâ€™ was not declared in this scope
[5.984s]  1278 |     [01;31m[Kdynamic_map_pub_[m[K.publish(cloud_msg);
[5.984s]       |     [01;31m[K^~~~~~~~~~~~~~~~[m[K
[6.001s] [01m[K/ros2-migration/arena/arena-rosnav/utils/misc/mapping/src/mapping.cpp:[m[K In member function â€˜[01m[Kvoid GridMap::publishESDF()[m[Kâ€™:
[6.001s] [01m[K/ros2-migration/arena/arena-rosnav/utils/misc/mapping/src/mapping.cpp:1319:3:[m[K [01;31m[Kerror: [m[Kâ€˜[01m[Kesdf_pub_[m[Kâ€™ was not declared in this scope
[6.001s]  1319 |   [01;31m[Kesdf_pub_[m[K.publish(cloud_msg);
[6.001s]       |   [01;31m[K^~~~~~~~~[m[K
[6.022s] [01m[K/ros2-migration/arena/arena-rosnav/utils/misc/mapping/src/mapping.cpp:[m[K In member function â€˜[01m[Kvoid GridMap::publishStaticESDF()[m[Kâ€™:
[6.022s] [01m[K/ros2-migration/arena/arena-rosnav/utils/misc/mapping/src/mapping.cpp:1362:3:[m[K [01;31m[Kerror: [m[Kâ€˜[01m[Kesdf_static_pub_[m[Kâ€™ was not declared in this scope
[6.022s]  1362 |   [01;31m[Kesdf_static_pub_[m[K.publish(cloud_msg);
[6.022s]       |   [01;31m[K^~~~~~~~~~~~~~~~[m[K
[6.034s] [01m[K/ros2-migration/arena/arena-rosnav/utils/misc/mapping/src/mapping.cpp:[m[K In member function â€˜[01m[Kvoid GridMap::publishDepth()[m[Kâ€™:
[6.034s] [01m[K/ros2-migration/arena/arena-rosnav/utils/misc/mapping/src/mapping.cpp:1385:3:[m[K [01;31m[Kerror: [m[Kâ€˜[01m[Kdepth_pub_[m[Kâ€™ was not declared in this scope
[6.034s]  1385 |   [01;31m[Kdepth_pub_[m[K.publish(cloud_msg);
[6.034s]       |   [01;31m[K^~~~~~~~~~[m[K
[6.043s] [01m[K/ros2-migration/arena/arena-rosnav/utils/misc/mapping/src/mapping.cpp:[m[K In member function â€˜[01m[Kvoid GridMap::publishUpdateRange()[m[Kâ€™:
[6.043s] [01m[K/ros2-migration/arena/arena-rosnav/utils/misc/mapping/src/mapping.cpp:1398:35:[m[K [01;31m[Kerror: [m[Kâ€˜[01m[Know[m[Kâ€™ is not a member of â€˜[01m[Krclcpp::Time[m[Kâ€™
[6.043s]  1398 |   mk.header.stamp = rclcpp::Time::[01;31m[Know[m[K();
[6.043s]       |                                   [01;31m[K^~~[m[K
[6.065s] [01m[K/ros2-migration/arena/arena-rosnav/utils/misc/mapping/src/mapping.cpp:1421:3:[m[K [01;31m[Kerror: [m[Kâ€˜[01m[Kupdate_range_pub_[m[Kâ€™ was not declared in this scope
[6.065s]  1421 |   [01;31m[Kupdate_range_pub_[m[K.publish(mk);
[6.065s]       |   [01;31m[K^~~~~~~~~~~~~~~~~[m[K
[6.081s] [01m[K/ros2-migration/arena/arena-rosnav/utils/misc/mapping/src/mapping.cpp:[m[K In member function â€˜[01m[Kvoid GridMap::publishUnknown()[m[Kâ€™:
[6.081s] [01m[K/ros2-migration/arena/arena-rosnav/utils/misc/mapping/src/mapping.cpp:1457:3:[m[K [01;31m[Kerror: [m[Kâ€˜[01m[Kunknown_pub_[m[Kâ€™ was not declared in this scope
[6.081s]  1457 |   [01;31m[Kunknown_pub_[m[K.publish(cloud_msg);
[6.081s]       |   [01;31m[K^~~~~~~~~~~~[m[K
[6.081s] [01m[K/ros2-migration/arena/arena-rosnav/utils/misc/mapping/src/mapping.cpp:[m[K At global scope:
[6.081s] [01m[K/ros2-migration/arena/arena-rosnav/utils/misc/mapping/src/mapping.cpp:1460:41:[m[K [01;31m[Kerror: [m[Kâ€˜[01m[KTimerEvent[m[Kâ€™ in namespace â€˜[01m[Krclcpp[m[Kâ€™ does not name a type
[6.081s]  1460 | void GridMap::visCallback(const rclcpp::[01;31m[KTimerEvent[m[K& /*event*/) {
[6.081s]       |                                         [01;31m[K^~~~~~~~~~[m[K
[7.312s] [01m[K/ros2-migration/arena/arena-rosnav/utils/misc/mapping/src/mapping.cpp:[m[K In member function â€˜[01m[Kbool GridMap::get_static_map()[m[Kâ€™:
[7.312s] [01m[K/ros2-migration/arena/arena-rosnav/utils/misc/mapping/src/mapping.cpp:212:1:[m[K [01;35m[Kwarning: [m[Kcontrol reaches end of non-void function [[01;35m[K]8;;https://gcc.gnu.org/onlinedocs/gcc/Warning-Options.html#index-Wreturn-type-Wreturn-type]8;;[m[K]
[7.312s]   212 | [01;35m[K}[m[K
[7.312s]       | [01;35m[K^[m[K
[7.420s] gmake[2]: *** [CMakeFiles/mapping.dir/build.make:76: CMakeFiles/mapping.dir/src/mapping.cpp.o] Error 1
[7.420s] gmake[1]: *** [CMakeFiles/Makefile2:137: CMakeFiles/mapping.dir/all] Error 2
[7.420s] gmake: *** [Makefile:146: all] Error 2
[7.422s] Invoked command in '/ros2-migration/arena/arena-rosnav/utils/misc/mapping/build/mapping' returned '2': CMAKE_PREFIX_PATH=/opt/ros/humble /usr/bin/cmake --build /ros2-migration/arena/arena-rosnav/utils/misc/mapping/build/mapping -- -j8 -l8
