[0.000000] (-) TimerEvent: {}
[0.000153] (cob_base_controller_utils) JobQueued: {'identifier': 'cob_base_controller_utils', 'dependencies': OrderedDict()}
[0.000204] (cob_base_controller_utils) JobStarted: {'identifier': 'cob_base_controller_utils'}
[0.005372] (cob_base_controller_utils) JobProgress: {'identifier': 'cob_base_controller_utils', 'progress': 'cmake'}
[0.006836] (cob_base_controller_utils) JobProgress: {'identifier': 'cob_base_controller_utils', 'progress': 'build'}
[0.006883] (cob_base_controller_utils) Command: {'cmd': ['/usr/bin/cmake', '--build', '/ros2-migration/arena/utils/3rd-party-robot-packages/cob4/cob_base_controller_utils/build/cob_base_controller_utils', '--', '-j8', '-l8'], 'cwd': '/ros2-migration/arena/utils/3rd-party-robot-packages/cob4/cob_base_controller_utils/build/cob_base_controller_utils', 'env': OrderedDict([('LESSOPEN', '| /usr/bin/lesspipe %s'), ('ARENA_DIR', '/arena_ws'), ('HOSTNAME', 'b7d6e8308065'), ('GIT_ASKPASS', '/root/.vscode-server/bin/dc96b837cf6bb4af9cd736aa3af08cf8279f7685/extensions/git/dist/askpass.sh'), ('BRANCH', 'ros2'), ('SHLVL', '2'), ('LD_LIBRARY_PATH', '/opt/ros/humble/opt/rviz_ogre_vendor/lib:/opt/ros/humble/lib/x86_64-linux-gnu:/opt/ros/humble/lib'), ('BROWSER', '/root/.vscode-server/bin/dc96b837cf6bb4af9cd736aa3af08cf8279f7685/bin/helpers/browser.sh'), ('HOME', '/root'), ('OLDPWD', '/ros2-migration'), ('TERM_PROGRAM_VERSION', '1.89.1'), ('VSCODE_IPC_HOOK_CLI', '/tmp/vscode-ipc-fd56d727-04b0-4490-a604-7e20f12cbe0d.sock'), ('ROS_PYTHON_VERSION', '3'), ('VSCODE_GIT_ASKPASS_MAIN', '/root/.vscode-server/bin/dc96b837cf6bb4af9cd736aa3af08cf8279f7685/extensions/git/dist/askpass-main.js'), ('VSCODE_GIT_ASKPASS_NODE', '/root/.vscode-server/bin/dc96b837cf6bb4af9cd736aa3af08cf8279f7685/node'), ('LC_CTYPE', 'C.UTF-8'), ('COLORTERM', 'truecolor'), ('REMOTE_CONTAINERS', 'true'), ('PYTHON_KEYRING_BACKEND', 'keyring.backends.fail.Keyring'), ('ROS_DISTRO', 'humble'), ('REMOTE_CONTAINERS_IPC', '/tmp/vscode-remote-containers-ipc-542e07c2-90a4-4af5-9117-576b7db53550.sock'), ('_', '/usr/bin/colcon'), ('ROS_VERSION', '2'), ('TERM', 'xterm-256color'), ('ROS_LOCALHOST_ONLY', '0'), ('PATH', '/opt/ros/humble/bin:/root/.local/bin:/root/.vscode-server/bin/dc96b837cf6bb4af9cd736aa3af08cf8279f7685/bin/remote-cli:/root/.local/bin:/usr/local/sbin:/usr/local/bin:/usr/sbin:/usr/bin:/sbin:/bin'), ('REMOTE_CONTAINERS_SOCKETS', '["/tmp/vscode-ssh-auth-542e07c2-90a4-4af5-9117-576b7db53550.sock","/tmp/.X11-unix/X5","/root/.gnupg/S.gpg-agent"]'), ('DISPLAY', ':5'), ('LANG', 'en_US.UTF-8'), ('LS_COLORS', 'rs=0:di=01;34:ln=01;36:mh=00:pi=40;33:so=01;35:do=01;35:bd=40;33;01:cd=40;33;01:or=40;31;01:mi=00:su=37;41:sg=30;43:ca=30;41:tw=30;42:ow=34;42:st=37;44:ex=01;32:*.tar=01;31:*.tgz=01;31:*.arc=01;31:*.arj=01;31:*.taz=01;31:*.lha=01;31:*.lz4=01;31:*.lzh=01;31:*.lzma=01;31:*.tlz=01;31:*.txz=01;31:*.tzo=01;31:*.t7z=01;31:*.zip=01;31:*.z=01;31:*.dz=01;31:*.gz=01;31:*.lrz=01;31:*.lz=01;31:*.lzo=01;31:*.xz=01;31:*.zst=01;31:*.tzst=01;31:*.bz2=01;31:*.bz=01;31:*.tbz=01;31:*.tbz2=01;31:*.tz=01;31:*.deb=01;31:*.rpm=01;31:*.jar=01;31:*.war=01;31:*.ear=01;31:*.sar=01;31:*.rar=01;31:*.alz=01;31:*.ace=01;31:*.zoo=01;31:*.cpio=01;31:*.7z=01;31:*.rz=01;31:*.cab=01;31:*.wim=01;31:*.swm=01;31:*.dwm=01;31:*.esd=01;31:*.jpg=01;35:*.jpeg=01;35:*.mjpg=01;35:*.mjpeg=01;35:*.gif=01;35:*.bmp=01;35:*.pbm=01;35:*.pgm=01;35:*.ppm=01;35:*.tga=01;35:*.xbm=01;35:*.xpm=01;35:*.tif=01;35:*.tiff=01;35:*.png=01;35:*.svg=01;35:*.svgz=01;35:*.mng=01;35:*.pcx=01;35:*.mov=01;35:*.mpg=01;35:*.mpeg=01;35:*.m2v=01;35:*.mkv=01;35:*.webm=01;35:*.webp=01;35:*.ogm=01;35:*.mp4=01;35:*.m4v=01;35:*.mp4v=01;35:*.vob=01;35:*.qt=01;35:*.nuv=01;35:*.wmv=01;35:*.asf=01;35:*.rm=01;35:*.rmvb=01;35:*.flc=01;35:*.avi=01;35:*.fli=01;35:*.flv=01;35:*.gl=01;35:*.dl=01;35:*.xcf=01;35:*.xwd=01;35:*.yuv=01;35:*.cgm=01;35:*.emf=01;35:*.ogv=01;35:*.ogx=01;35:*.aac=00;36:*.au=00;36:*.flac=00;36:*.m4a=00;36:*.mid=00;36:*.midi=00;36:*.mka=00;36:*.mp3=00;36:*.mpc=00;36:*.ogg=00;36:*.ra=00;36:*.wav=00;36:*.oga=00;36:*.opus=00;36:*.spx=00;36:*.xspf=00;36:'), ('VSCODE_GIT_IPC_HANDLE', '/tmp/vscode-git-bb16fb8514.sock'), ('TERM_PROGRAM', 'vscode'), ('SSH_AUTH_SOCK', '/tmp/vscode-ssh-auth-542e07c2-90a4-4af5-9117-576b7db53550.sock'), ('AMENT_PREFIX_PATH', '/opt/ros/humble'), ('REMOTE_CONTAINERS_DISPLAY_SOCK', '/tmp/.X11-unix/X5'), ('SHELL', '/bin/bash'), ('LESSCLOSE', '/usr/bin/lesspipe %s %s'), ('VSCODE_GIT_ASKPASS_EXTRA_ARGS', ''), ('PWD', '/ros2-migration/arena/utils/3rd-party-robot-packages/cob4/cob_base_controller_utils/build/cob_base_controller_utils'), ('PYTHONPATH', '/opt/ros/humble/lib/python3.10/site-packages:/opt/ros/humble/local/lib/python3.10/dist-packages'), ('COLCON', '1'), ('CMAKE_PREFIX_PATH', '/opt/ros/humble')]), 'shell': False}
[0.028279] (cob_base_controller_utils) StdoutLine: {'line': b'-- Found ament_cmake: 1.3.9 (/opt/ros/humble/share/ament_cmake/cmake)\n'}
[0.099540] (-) TimerEvent: {}
[0.147348] (cob_base_controller_utils) StdoutLine: {'line': b'-- Found std_srvs: 4.2.3 (/opt/ros/humble/share/std_srvs/cmake)\n'}
[0.169563] (cob_base_controller_utils) StdoutLine: {'line': b'-- Found rosidl_generator_c: 3.1.5 (/opt/ros/humble/share/rosidl_generator_c/cmake)\n'}
[0.171945] (cob_base_controller_utils) StdoutLine: {'line': b'-- Found rosidl_adapter: 3.1.5 (/opt/ros/humble/share/rosidl_adapter/cmake)\n'}
[0.177797] (cob_base_controller_utils) StdoutLine: {'line': b'-- Found rosidl_generator_cpp: 3.1.5 (/opt/ros/humble/share/rosidl_generator_cpp/cmake)\n'}
[0.188820] (cob_base_controller_utils) StdoutLine: {'line': b'-- Using all available rosidl_typesupport_c: rosidl_typesupport_fastrtps_c;rosidl_typesupport_introspection_c\n'}
[0.199639] (-) TimerEvent: {}
[0.204444] (cob_base_controller_utils) StdoutLine: {'line': b'-- Using all available rosidl_typesupport_cpp: rosidl_typesupport_fastrtps_cpp;rosidl_typesupport_introspection_cpp\n'}
[0.218967] (cob_base_controller_utils) StdoutLine: {'line': b'-- Found rclcpp: 16.0.9 (/opt/ros/humble/share/rclcpp/cmake)\n'}
[0.284729] (cob_base_controller_utils) StdoutLine: {'line': b'-- Found rmw_implementation_cmake: 6.1.2 (/opt/ros/humble/share/rmw_implementation_cmake/cmake)\n'}
[0.286008] (cob_base_controller_utils) StdoutLine: {'line': b'-- Found rmw_fastrtps_cpp: 6.2.6 (/opt/ros/humble/share/rmw_fastrtps_cpp/cmake)\n'}
[0.299738] (-) TimerEvent: {}
[0.398731] (cob_base_controller_utils) StdoutLine: {'line': b"-- Using RMW implementation 'rmw_fastrtps_cpp' as default\n"}
[0.399839] (-) TimerEvent: {}
[0.500031] (-) TimerEvent: {}
[0.560579] (cob_base_controller_utils) StdoutLine: {'line': b'-- Found geometry_msgs: 4.2.3 (/opt/ros/humble/share/geometry_msgs/cmake)\n'}
[0.600123] (-) TimerEvent: {}
[0.604717] (cob_base_controller_utils) StdoutLine: {'line': b'-- Found rosidl_default_generators: 1.2.0 (/opt/ros/humble/share/rosidl_default_generators/cmake)\n'}
[0.611695] (cob_base_controller_utils) StdoutLine: {'line': b'-- Found tf2: 0.25.6 (/opt/ros/humble/share/tf2/cmake)\n'}
[0.619709] (cob_base_controller_utils) StdoutLine: {'line': b'-- Found nav_msgs: 4.2.3 (/opt/ros/humble/share/nav_msgs/cmake)\n'}
[0.700243] (-) TimerEvent: {}
[0.705608] (cob_base_controller_utils) StdoutLine: {'line': b'-- Found urdf: 2.6.0 (/opt/ros/humble/share/urdf/cmake)\n'}
[0.800329] (-) TimerEvent: {}
[0.802431] (cob_base_controller_utils) StdoutLine: {'line': b'-- Configuring done\n'}
[0.900420] (-) TimerEvent: {}
[1.000681] (-) TimerEvent: {}
[1.100937] (-) TimerEvent: {}
[1.113613] (cob_base_controller_utils) StdoutLine: {'line': b'-- Generating done\n'}
[1.115602] (cob_base_controller_utils) StdoutLine: {'line': b'-- Build files have been written to: /ros2-migration/arena/utils/3rd-party-robot-packages/cob4/cob_base_controller_utils/build/cob_base_controller_utils\n'}
[1.162291] (cob_base_controller_utils) StdoutLine: {'line': b'[ 25%] \x1b[32mBuilding CXX object CMakeFiles/cob_stuck_detector.dir/src/stuck_detector.cpp.o\x1b[0m\n'}
[1.162508] (cob_base_controller_utils) StdoutLine: {'line': b'[ 50%] \x1b[32mBuilding CXX object CMakeFiles/cob_spin_detector.dir/src/spin_detector.cpp.o\x1b[0m\n'}
[1.201057] (-) TimerEvent: {}
[1.245597] (cob_base_controller_utils) StderrLine: {'line': b'\x1b[01m\x1b[K/ros2-migration/arena/utils/3rd-party-robot-packages/cob4/cob_base_controller_utils/src/spin_detector.cpp:18:10:\x1b[m\x1b[K \x1b[01;31m\x1b[Kfatal error: \x1b[m\x1b[Kcob_base_controller_utils/WheelCommands.h: No such file or directory\n'}
[1.245762] (cob_base_controller_utils) StderrLine: {'line': b'   18 | #include \x1b[01;31m\x1b[K"cob_base_controller_utils/WheelCommands.h"\x1b[m\x1b[K\n'}
[1.245838] (cob_base_controller_utils) StderrLine: {'line': b'      |          \x1b[01;31m\x1b[K^~~~~~~~~~~~~~~~~~~~~~~~~~~~~~~~~~~~~~~~~~~\x1b[m\x1b[K\n'}
[1.245907] (cob_base_controller_utils) StderrLine: {'line': b'\x1b[01m\x1b[K/ros2-migration/arena/utils/3rd-party-robot-packages/cob4/cob_base_controller_utils/src/stuck_detector.cpp:19:10:\x1b[m\x1b[K \x1b[01;31m\x1b[Kfatal error: \x1b[m\x1b[Kcob_base_controller_utils/WheelCommands.h: No such file or directory\n'}
[1.245976] (cob_base_controller_utils) StderrLine: {'line': b'   19 | #include \x1b[01;31m\x1b[K<cob_base_controller_utils/WheelCommands.h>\x1b[m\x1b[K\n'}
[1.246043] (cob_base_controller_utils) StderrLine: {'line': b'      |          \x1b[01;31m\x1b[K^~~~~~~~~~~~~~~~~~~~~~~~~~~~~~~~~~~~~~~~~~~\x1b[m\x1b[K\n'}
[1.246108] (cob_base_controller_utils) StderrLine: {'line': b'compilation terminated.\n'}
[1.246173] (cob_base_controller_utils) StderrLine: {'line': b'compilation terminated.\n'}
[1.248274] (cob_base_controller_utils) StderrLine: {'line': b'gmake[2]: *** [CMakeFiles/cob_spin_detector.dir/build.make:76: CMakeFiles/cob_spin_detector.dir/src/spin_detector.cpp.o] Error 1\n'}
[1.248442] (cob_base_controller_utils) StderrLine: {'line': b'gmake[1]: *** [CMakeFiles/Makefile2:113: CMakeFiles/cob_spin_detector.dir/all] Error 2\n'}
[1.248518] (cob_base_controller_utils) StderrLine: {'line': b'gmake[1]: *** Waiting for unfinished jobs....\n'}
[1.258311] (cob_base_controller_utils) StderrLine: {'line': b'gmake[2]: *** [CMakeFiles/cob_stuck_detector.dir/build.make:76: CMakeFiles/cob_stuck_detector.dir/src/stuck_detector.cpp.o] Error 1\n'}
[1.258805] (cob_base_controller_utils) StderrLine: {'line': b'gmake[1]: *** [CMakeFiles/Makefile2:87: CMakeFiles/cob_stuck_detector.dir/all] Error 2\n'}
[1.259258] (cob_base_controller_utils) StderrLine: {'line': b'gmake: *** [Makefile:146: all] Error 2\n'}
[1.262545] (cob_base_controller_utils) CommandEnded: {'returncode': 2}
[1.301291] (-) TimerEvent: {}
[1.310008] (cob_base_controller_utils) JobEnded: {'identifier': 'cob_base_controller_utils', 'rc': 2}
[1.320766] (-) EventReactorShutdown: {}
