/home/ahmo030/ros2-migration/arena/arena-rosnav/utils/plugins/rviz_plugins/src/task_tool.h:55: Note: No relevant classes found. No output generated.
In file included from /home/ahmo030/ros2-migration/arena/arena-rosnav/utils/plugins/rviz_plugins/src/task_tool.cpp:1:
/home/ahmo030/ros2-migration/arena/arena-rosnav/utils/plugins/rviz_plugins/src/task_tool.h:5:10: fatal error: ros/ros.h: No such file or directory
    5 | #include <ros/ros.h>
      |          ^~~~~~~~~~~
/home/ahmo030/ros2-migration/arena/arena-rosnav/utils/plugins/rviz_plugins/src/goal_tool.cpp:30:10: fatal error: tf/transform_listener.h: No such file or directory
   30 | #include <tf/transform_listener.h>
      |          ^~~~~~~~~~~~~~~~~~~~~~~~~
compilation terminated.
compilation terminated.
gmake[2]: *** [CMakeFiles/gazebo_utils.dir/build.make:112: CMakeFiles/gazebo_utils.dir/home/ahmo030/ros2-migration/arena/arena-rosnav/utils/plugins/rviz_plugins/src/task_tool.cpp.o] Error 1
gmake[2]: *** Waiting for unfinished jobs....
gmake[2]: *** [CMakeFiles/gazebo_utils.dir/build.make:98: CMakeFiles/gazebo_utils.dir/home/ahmo030/ros2-migration/arena/arena-rosnav/utils/plugins/rviz_plugins/src/goal_tool.cpp.o] Error 1
In file included from /home/ahmo030/ros2-migration/arena/arena-rosnav/utils/plugins/gazebo_utils/build/gazebo_utils/__/rviz_plugins/src/moc_goal_tool.cpp:10:
/home/ahmo030/ros2-migration/arena/arena-rosnav/utils/plugins/gazebo_utils/build/gazebo_utils/__/rviz_plugins/src/../../../../../../rviz_plugins/src/goal_tool.h:36:11: fatal error: ros/ros.h: No such file or directory
   36 | # include <ros/ros.h>
      |           ^~~~~~~~~~~
compilation terminated.
gmake[2]: *** [CMakeFiles/gazebo_utils.dir/build.make:126: CMakeFiles/gazebo_utils.dir/__/rviz_plugins/src/moc_goal_tool.cpp.o] Error 1
/home/ahmo030/ros2-migration/arena/arena-rosnav/utils/plugins/rviz_plugins/src/pose_tool.cpp:35:10: fatal error: rviz/geometry.h: No such file or directory
   35 | #include "rviz/geometry.h"
      |          ^~~~~~~~~~~~~~~~~
compilation terminated.
gmake[2]: *** [CMakeFiles/gazebo_utils.dir/build.make:84: CMakeFiles/gazebo_utils.dir/home/ahmo030/ros2-migration/arena/arena-rosnav/utils/plugins/rviz_plugins/src/pose_tool.cpp.o] Error 1
gmake[1]: *** [CMakeFiles/Makefile2:137: CMakeFiles/gazebo_utils.dir/all] Error 2
gmake: *** [Makefile:146: all] Error 2
